running egg_info
writing ../../build/pipeworld/pipeworld.egg-info/PKG-INFO
writing dependency_links to ../../build/pipeworld/pipeworld.egg-info/dependency_links.txt
writing entry points to ../../build/pipeworld/pipeworld.egg-info/entry_points.txt
writing requirements to ../../build/pipeworld/pipeworld.egg-info/requires.txt
writing top-level names to ../../build/pipeworld/pipeworld.egg-info/top_level.txt
reading manifest file '../../build/pipeworld/pipeworld.egg-info/SOURCES.txt'
writing manifest file '../../build/pipeworld/pipeworld.egg-info/SOURCES.txt'
running build
running build_py
running install
running install_lib
running install_data
running install_egg_info
removing '/home/sheldon/Documents/pipeworld/install/pipeworld/lib/python3.8/site-packages/pipeworld-0.0.0-py3.8.egg-info' (and everything under it)
Copying ../../build/pipeworld/pipeworld.egg-info to /home/sheldon/Documents/pipeworld/install/pipeworld/lib/python3.8/site-packages/pipeworld-0.0.0-py3.8.egg-info
running install_scripts
Installing navi_pose script to /home/sheldon/Documents/pipeworld/install/pipeworld/lib/pipeworld
Installing pipe_spawner script to /home/sheldon/Documents/pipeworld/install/pipeworld/lib/pipeworld
writing list of installed files to '/home/sheldon/Documents/pipeworld/build/pipeworld/install.log'
