-- Install configuration: ""
-- Up-to-date: /home/sheldon/Documents/pipeworld/install/sprintbot-model/share/sprintbot-model//urdf
-- Up-to-date: /home/sheldon/Documents/pipeworld/install/sprintbot-model/share/sprintbot-model//urdf/sprintbot.urdf
-- Up-to-date: /home/sheldon/Documents/pipeworld/install/sprintbot-model/share/sprintbot-model//meshes
-- Up-to-date: /home/sheldon/Documents/pipeworld/install/sprintbot-model/share/sprintbot-model//meshes/sprintbot_body_corrected_axis.dae
-- Up-to-date: /home/sheldon/Documents/pipeworld/install/sprintbot-model/share/sprintbot-model//meshes/sprintbot_wheel_corrected_axis.dae
-- Up-to-date: /home/sheldon/Documents/pipeworld/install/sprintbot-model/share/ament_index/resource_index/package_run_dependencies/sprintbot-model
-- Up-to-date: /home/sheldon/Documents/pipeworld/install/sprintbot-model/share/ament_index/resource_index/parent_prefix_path/sprintbot-model
-- Up-to-date: /home/sheldon/Documents/pipeworld/install/sprintbot-model/share/sprintbot-model/environment/ament_prefix_path.sh
-- Up-to-date: /home/sheldon/Documents/pipeworld/install/sprintbot-model/share/sprintbot-model/environment/ament_prefix_path.dsv
-- Up-to-date: /home/sheldon/Documents/pipeworld/install/sprintbot-model/share/sprintbot-model/environment/path.sh
-- Up-to-date: /home/sheldon/Documents/pipeworld/install/sprintbot-model/share/sprintbot-model/environment/path.dsv
-- Up-to-date: /home/sheldon/Documents/pipeworld/install/sprintbot-model/share/sprintbot-model/local_setup.bash
-- Up-to-date: /home/sheldon/Documents/pipeworld/install/sprintbot-model/share/sprintbot-model/local_setup.sh
-- Up-to-date: /home/sheldon/Documents/pipeworld/install/sprintbot-model/share/sprintbot-model/local_setup.zsh
-- Up-to-date: /home/sheldon/Documents/pipeworld/install/sprintbot-model/share/sprintbot-model/local_setup.dsv
-- Up-to-date: /home/sheldon/Documents/pipeworld/install/sprintbot-model/share/sprintbot-model/package.dsv
-- Up-to-date: /home/sheldon/Documents/pipeworld/install/sprintbot-model/share/ament_index/resource_index/packages/sprintbot-model
-- Up-to-date: /home/sheldon/Documents/pipeworld/install/sprintbot-model/share/sprintbot-model/cmake/sprintbot-modelConfig.cmake
-- Up-to-date: /home/sheldon/Documents/pipeworld/install/sprintbot-model/share/sprintbot-model/cmake/sprintbot-modelConfig-version.cmake
-- Up-to-date: /home/sheldon/Documents/pipeworld/install/sprintbot-model/share/sprintbot-model/package.xml
