[0.738s] Invoking command in '/home/sheldon/Documents/pipeworld/build/sprintbot-model': CMAKE_PREFIX_PATH=${CMAKE_PREFIX_PATH}:/home/sheldon/Documents/pipeworld/install/joy_teleop:/home/sheldon/Documents/pipeworld/install/pipeworld:/home/sheldon/Documents/pipeworld/install/mouse_teleop:/home/sheldon/Documents/pipeworld/install/key_teleop:/opt/ros/foxy /usr/bin/cmake --build /home/sheldon/Documents/pipeworld/build/sprintbot-model -- -j8 -l8
[0.786s] Invoked command in '/home/sheldon/Documents/pipeworld/build/sprintbot-model' returned '0': CMAKE_PREFIX_PATH=${CMAKE_PREFIX_PATH}:/home/sheldon/Documents/pipeworld/install/joy_teleop:/home/sheldon/Documents/pipeworld/install/pipeworld:/home/sheldon/Documents/pipeworld/install/mouse_teleop:/home/sheldon/Documents/pipeworld/install/key_teleop:/opt/ros/foxy /usr/bin/cmake --build /home/sheldon/Documents/pipeworld/build/sprintbot-model -- -j8 -l8
[0.826s] Invoking command in '/home/sheldon/Documents/pipeworld/build/sprintbot-model': CMAKE_PREFIX_PATH=${CMAKE_PREFIX_PATH}:/home/sheldon/Documents/pipeworld/install/joy_teleop:/home/sheldon/Documents/pipeworld/install/pipeworld:/home/sheldon/Documents/pipeworld/install/mouse_teleop:/home/sheldon/Documents/pipeworld/install/key_teleop:/opt/ros/foxy /usr/bin/cmake --install /home/sheldon/Documents/pipeworld/build/sprintbot-model
[0.893s] -- Install configuration: ""
[0.893s] -- Up-to-date: /home/sheldon/Documents/pipeworld/install/sprintbot-model/share/sprintbot-model//urdf
[0.893s] -- Up-to-date: /home/sheldon/Documents/pipeworld/install/sprintbot-model/share/sprintbot-model//urdf/sprintbot.urdf
[0.894s] -- Up-to-date: /home/sheldon/Documents/pipeworld/install/sprintbot-model/share/sprintbot-model//meshes
[0.894s] -- Up-to-date: /home/sheldon/Documents/pipeworld/install/sprintbot-model/share/sprintbot-model//meshes/sprintbot_body_corrected_axis.dae
[0.894s] -- Up-to-date: /home/sheldon/Documents/pipeworld/install/sprintbot-model/share/sprintbot-model//meshes/sprintbot_wheel_corrected_axis.dae
[0.894s] -- Up-to-date: /home/sheldon/Documents/pipeworld/install/sprintbot-model/share/ament_index/resource_index/package_run_dependencies/sprintbot-model
[0.894s] -- Up-to-date: /home/sheldon/Documents/pipeworld/install/sprintbot-model/share/ament_index/resource_index/parent_prefix_path/sprintbot-model
[0.894s] -- Up-to-date: /home/sheldon/Documents/pipeworld/install/sprintbot-model/share/sprintbot-model/environment/ament_prefix_path.sh
[0.894s] -- Up-to-date: /home/sheldon/Documents/pipeworld/install/sprintbot-model/share/sprintbot-model/environment/ament_prefix_path.dsv
[0.894s] -- Up-to-date: /home/sheldon/Documents/pipeworld/install/sprintbot-model/share/sprintbot-model/environment/path.sh
[0.894s] -- Up-to-date: /home/sheldon/Documents/pipeworld/install/sprintbot-model/share/sprintbot-model/environment/path.dsv
[0.894s] -- Up-to-date: /home/sheldon/Documents/pipeworld/install/sprintbot-model/share/sprintbot-model/local_setup.bash
[0.894s] -- Up-to-date: /home/sheldon/Documents/pipeworld/install/sprintbot-model/share/sprintbot-model/local_setup.sh
[0.895s] -- Up-to-date: /home/sheldon/Documents/pipeworld/install/sprintbot-model/share/sprintbot-model/local_setup.zsh
[0.895s] -- Up-to-date: /home/sheldon/Documents/pipeworld/install/sprintbot-model/share/sprintbot-model/local_setup.dsv
[0.895s] -- Up-to-date: /home/sheldon/Documents/pipeworld/install/sprintbot-model/share/sprintbot-model/package.dsv
[0.895s] -- Up-to-date: /home/sheldon/Documents/pipeworld/install/sprintbot-model/share/ament_index/resource_index/packages/sprintbot-model
[0.895s] -- Up-to-date: /home/sheldon/Documents/pipeworld/install/sprintbot-model/share/sprintbot-model/cmake/sprintbot-modelConfig.cmake
[0.895s] -- Up-to-date: /home/sheldon/Documents/pipeworld/install/sprintbot-model/share/sprintbot-model/cmake/sprintbot-modelConfig-version.cmake
[0.895s] -- Up-to-date: /home/sheldon/Documents/pipeworld/install/sprintbot-model/share/sprintbot-model/package.xml
[0.896s] Invoked command in '/home/sheldon/Documents/pipeworld/build/sprintbot-model' returned '0': CMAKE_PREFIX_PATH=${CMAKE_PREFIX_PATH}:/home/sheldon/Documents/pipeworld/install/joy_teleop:/home/sheldon/Documents/pipeworld/install/pipeworld:/home/sheldon/Documents/pipeworld/install/mouse_teleop:/home/sheldon/Documents/pipeworld/install/key_teleop:/opt/ros/foxy /usr/bin/cmake --install /home/sheldon/Documents/pipeworld/build/sprintbot-model
