-- The C compiler identification is GNU 9.3.0
-- The CXX compiler identification is GNU 9.3.0
-- Check for working C compiler: /usr/bin/cc
-- Check for working C compiler: /usr/bin/cc -- works
-- Detecting C compiler ABI info
-- Detecting C compiler ABI info - done
-- Detecting C compile features
-- Detecting C compile features - done
-- Check for working CXX compiler: /usr/bin/c++
-- Check for working CXX compiler: /usr/bin/c++ -- works
-- Detecting CXX compiler ABI info
-- Detecting CXX compiler ABI info - done
-- Detecting CXX compile features
-- Detecting CXX compile features - done
-- Found ament_cmake: 0.9.8 (/opt/ros/foxy/share/ament_cmake/cmake)
-- Found PythonInterp: /usr/bin/python3 (found suitable version "3.8.10", minimum required is "3") 
-- Using PYTHON_EXECUTABLE: /usr/bin/python3
-- Found ament_lint_auto: 0.9.6 (/opt/ros/foxy/share/ament_lint_auto/cmake)
-- Added test 'copyright' to check source files copyright and LICENSE
-- Added test 'lint_cmake' to check CMake code style
-- Added test 'xmllint' to check XML markup files
-- Configuring done
-- Generating done
-- Build files have been written to: /home/sheldon/Documents/pipeworld/build/sprintbot-model
-- Install configuration: ""
-- Installing: /home/sheldon/Documents/pipeworld/install/sprintbot-model/share/sprintbot-model//urdf
-- Installing: /home/sheldon/Documents/pipeworld/install/sprintbot-model/share/sprintbot-model//urdf/sprintbot.urdf
-- Installing: /home/sheldon/Documents/pipeworld/install/sprintbot-model/share/sprintbot-model//meshes
-- Installing: /home/sheldon/Documents/pipeworld/install/sprintbot-model/share/sprintbot-model//meshes/sprintbot_body_corrected_axis.dae
-- Installing: /home/sheldon/Documents/pipeworld/install/sprintbot-model/share/sprintbot-model//meshes/sprintbot_wheel_corrected_axis.dae
-- Installing: /home/sheldon/Documents/pipeworld/install/sprintbot-model/share/ament_index/resource_index/package_run_dependencies/sprintbot-model
-- Installing: /home/sheldon/Documents/pipeworld/install/sprintbot-model/share/ament_index/resource_index/parent_prefix_path/sprintbot-model
-- Installing: /home/sheldon/Documents/pipeworld/install/sprintbot-model/share/sprintbot-model/environment/ament_prefix_path.sh
-- Installing: /home/sheldon/Documents/pipeworld/install/sprintbot-model/share/sprintbot-model/environment/ament_prefix_path.dsv
-- Installing: /home/sheldon/Documents/pipeworld/install/sprintbot-model/share/sprintbot-model/environment/path.sh
-- Installing: /home/sheldon/Documents/pipeworld/install/sprintbot-model/share/sprintbot-model/environment/path.dsv
-- Installing: /home/sheldon/Documents/pipeworld/install/sprintbot-model/share/sprintbot-model/local_setup.bash
-- Installing: /home/sheldon/Documents/pipeworld/install/sprintbot-model/share/sprintbot-model/local_setup.sh
-- Installing: /home/sheldon/Documents/pipeworld/install/sprintbot-model/share/sprintbot-model/local_setup.zsh
-- Installing: /home/sheldon/Documents/pipeworld/install/sprintbot-model/share/sprintbot-model/local_setup.dsv
-- Installing: /home/sheldon/Documents/pipeworld/install/sprintbot-model/share/sprintbot-model/package.dsv
-- Installing: /home/sheldon/Documents/pipeworld/install/sprintbot-model/share/ament_index/resource_index/packages/sprintbot-model
-- Installing: /home/sheldon/Documents/pipeworld/install/sprintbot-model/share/sprintbot-model/cmake/sprintbot-modelConfig.cmake
-- Installing: /home/sheldon/Documents/pipeworld/install/sprintbot-model/share/sprintbot-model/cmake/sprintbot-modelConfig-version.cmake
-- Installing: /home/sheldon/Documents/pipeworld/install/sprintbot-model/share/sprintbot-model/package.xml
