[0.977s] Invoking command in '/home/sheldon/Documents/pipeworld/src/teleop_tools/key_teleop': PYTHONPATH=/home/sheldon/Documents/pipeworld/install/key_teleop/lib/python3.8/site-packages:${PYTHONPATH} /usr/bin/python3 setup.py egg_info --egg-base ../../../build/key_teleop build --build-base /home/sheldon/Documents/pipeworld/build/key_teleop/build install --prefix /home/sheldon/Documents/pipeworld/install/key_teleop --record /home/sheldon/Documents/pipeworld/build/key_teleop/install.log --single-version-externally-managed
[1.184s] running egg_info
[1.185s] creating ../../../build/key_teleop/key_teleop.egg-info
[1.185s] writing ../../../build/key_teleop/key_teleop.egg-info/PKG-INFO
[1.185s] writing dependency_links to ../../../build/key_teleop/key_teleop.egg-info/dependency_links.txt
[1.185s] writing entry points to ../../../build/key_teleop/key_teleop.egg-info/entry_points.txt
[1.186s] writing requirements to ../../../build/key_teleop/key_teleop.egg-info/requires.txt
[1.186s] writing top-level names to ../../../build/key_teleop/key_teleop.egg-info/top_level.txt
[1.187s] writing manifest file '../../../build/key_teleop/key_teleop.egg-info/SOURCES.txt'
[1.220s] reading manifest file '../../../build/key_teleop/key_teleop.egg-info/SOURCES.txt'
[1.221s] writing manifest file '../../../build/key_teleop/key_teleop.egg-info/SOURCES.txt'
[1.221s] running build
[1.221s] running build_py
[1.222s] creating /home/sheldon/Documents/pipeworld/build/key_teleop/build
[1.222s] creating /home/sheldon/Documents/pipeworld/build/key_teleop/build/lib
[1.222s] creating /home/sheldon/Documents/pipeworld/build/key_teleop/build/lib/key_teleop
[1.222s] copying key_teleop/__init__.py -> /home/sheldon/Documents/pipeworld/build/key_teleop/build/lib/key_teleop
[1.222s] copying key_teleop/key_teleop.py -> /home/sheldon/Documents/pipeworld/build/key_teleop/build/lib/key_teleop
[1.222s] running install
[1.223s] running install_lib
[1.226s] creating /home/sheldon/Documents/pipeworld/install/key_teleop/lib/python3.8/site-packages/key_teleop
[1.226s] copying /home/sheldon/Documents/pipeworld/build/key_teleop/build/lib/key_teleop/__init__.py -> /home/sheldon/Documents/pipeworld/install/key_teleop/lib/python3.8/site-packages/key_teleop
[1.227s] copying /home/sheldon/Documents/pipeworld/build/key_teleop/build/lib/key_teleop/key_teleop.py -> /home/sheldon/Documents/pipeworld/install/key_teleop/lib/python3.8/site-packages/key_teleop
[1.227s] byte-compiling /home/sheldon/Documents/pipeworld/install/key_teleop/lib/python3.8/site-packages/key_teleop/__init__.py to __init__.cpython-38.pyc
[1.229s] byte-compiling /home/sheldon/Documents/pipeworld/install/key_teleop/lib/python3.8/site-packages/key_teleop/key_teleop.py to key_teleop.cpython-38.pyc
[1.231s] running install_data
[1.234s] copying package.xml -> /home/sheldon/Documents/pipeworld/install/key_teleop/share/key_teleop
[1.234s] creating /home/sheldon/Documents/pipeworld/install/key_teleop/share/key_teleop/config
[1.235s] copying config/key_teleop.yaml -> /home/sheldon/Documents/pipeworld/install/key_teleop/share/key_teleop/config
[1.235s] creating /home/sheldon/Documents/pipeworld/install/key_teleop/share/ament_index
[1.235s] creating /home/sheldon/Documents/pipeworld/install/key_teleop/share/ament_index/resource_index
[1.235s] creating /home/sheldon/Documents/pipeworld/install/key_teleop/share/ament_index/resource_index/packages
[1.235s] copying resource/key_teleop -> /home/sheldon/Documents/pipeworld/install/key_teleop/share/ament_index/resource_index/packages
[1.236s] running install_egg_info
[1.236s] Copying ../../../build/key_teleop/key_teleop.egg-info to /home/sheldon/Documents/pipeworld/install/key_teleop/lib/python3.8/site-packages/key_teleop-0.3.0-py3.8.egg-info
[1.236s] running install_scripts
[1.258s] Installing key_teleop script to /home/sheldon/Documents/pipeworld/install/key_teleop/lib/key_teleop
[1.258s] writing list of installed files to '/home/sheldon/Documents/pipeworld/build/key_teleop/install.log'
[1.289s] Invoked command in '/home/sheldon/Documents/pipeworld/src/teleop_tools/key_teleop' returned '0': PYTHONPATH=/home/sheldon/Documents/pipeworld/install/key_teleop/lib/python3.8/site-packages:${PYTHONPATH} /usr/bin/python3 setup.py egg_info --egg-base ../../../build/key_teleop build --build-base /home/sheldon/Documents/pipeworld/build/key_teleop/build install --prefix /home/sheldon/Documents/pipeworld/install/key_teleop --record /home/sheldon/Documents/pipeworld/build/key_teleop/install.log --single-version-externally-managed
