-- Found ament_cmake: 0.9.8 (/opt/ros/foxy/share/ament_cmake/cmake)
-- Found PythonInterp: /usr/bin/python3 (found suitable version "3.8.10", minimum required is "3") 
-- Using PYTHON_EXECUTABLE: /usr/bin/python3
-- Configuring done
-- Generating done
-- Build files have been written to: /home/sheldon/Documents/pipeworld/build/teleop_tools
-- Install configuration: ""
-- Installing: /home/sheldon/Documents/pipeworld/install/teleop_tools/share/ament_index/resource_index/package_run_dependencies/teleop_tools
-- Installing: /home/sheldon/Documents/pipeworld/install/teleop_tools/share/ament_index/resource_index/parent_prefix_path/teleop_tools
-- Installing: /home/sheldon/Documents/pipeworld/install/teleop_tools/share/teleop_tools/environment/ament_prefix_path.sh
-- Installing: /home/sheldon/Documents/pipeworld/install/teleop_tools/share/teleop_tools/environment/ament_prefix_path.dsv
-- Installing: /home/sheldon/Documents/pipeworld/install/teleop_tools/share/teleop_tools/environment/path.sh
-- Installing: /home/sheldon/Documents/pipeworld/install/teleop_tools/share/teleop_tools/environment/path.dsv
-- Installing: /home/sheldon/Documents/pipeworld/install/teleop_tools/share/teleop_tools/local_setup.bash
-- Installing: /home/sheldon/Documents/pipeworld/install/teleop_tools/share/teleop_tools/local_setup.sh
-- Installing: /home/sheldon/Documents/pipeworld/install/teleop_tools/share/teleop_tools/local_setup.zsh
-- Installing: /home/sheldon/Documents/pipeworld/install/teleop_tools/share/teleop_tools/local_setup.dsv
-- Installing: /home/sheldon/Documents/pipeworld/install/teleop_tools/share/teleop_tools/package.dsv
-- Installing: /home/sheldon/Documents/pipeworld/install/teleop_tools/share/ament_index/resource_index/packages/teleop_tools
-- Installing: /home/sheldon/Documents/pipeworld/install/teleop_tools/share/teleop_tools/cmake/teleop_toolsConfig.cmake
-- Installing: /home/sheldon/Documents/pipeworld/install/teleop_tools/share/teleop_tools/cmake/teleop_toolsConfig-version.cmake
-- Installing: /home/sheldon/Documents/pipeworld/install/teleop_tools/share/teleop_tools/package.xml
