[0.009s] Invoking command in '/home/sheldon/Documents/pipeworld/build/teleop_tools': AMENT_PREFIX_PATH=/home/sheldon/Documents/pipeworld/install/joy_teleop:/home/sheldon/Documents/pipeworld/install/teleop_tools_msgs:/home/sheldon/Documents/pipeworld/install/key_teleop:${AMENT_PREFIX_PATH} CMAKE_PREFIX_PATH=/home/sheldon/Documents/pipeworld/install/teleop_tools_msgs:/opt/ros/foxy LD_LIBRARY_PATH=/home/sheldon/Documents/pipeworld/install/teleop_tools_msgs/lib:${LD_LIBRARY_PATH} PYTHONPATH=/home/sheldon/Documents/pipeworld/install/joy_teleop/lib/python3.8/site-packages:/home/sheldon/Documents/pipeworld/install/teleop_tools_msgs/lib/python3.8/site-packages:/home/sheldon/Documents/pipeworld/install/key_teleop/lib/python3.8/site-packages:${PYTHONPATH} /usr/bin/cmake /home/sheldon/Documents/pipeworld/src/teleop_tools/teleop_tools -DCMAKE_INSTALL_PREFIX=/home/sheldon/Documents/pipeworld/install/teleop_tools
[0.026s] -- Found ament_cmake: 0.9.8 (/opt/ros/foxy/share/ament_cmake/cmake)
[0.051s] -- Found PythonInterp: /usr/bin/python3 (found suitable version "3.8.10", minimum required is "3") 
[0.051s] -- Using PYTHON_EXECUTABLE: /usr/bin/python3
[0.325s] -- Configuring done
[0.328s] -- Generating done
[0.328s] -- Build files have been written to: /home/sheldon/Documents/pipeworld/build/teleop_tools
[0.331s] Invoked command in '/home/sheldon/Documents/pipeworld/build/teleop_tools' returned '0': AMENT_PREFIX_PATH=/home/sheldon/Documents/pipeworld/install/joy_teleop:/home/sheldon/Documents/pipeworld/install/teleop_tools_msgs:/home/sheldon/Documents/pipeworld/install/key_teleop:${AMENT_PREFIX_PATH} CMAKE_PREFIX_PATH=/home/sheldon/Documents/pipeworld/install/teleop_tools_msgs:/opt/ros/foxy LD_LIBRARY_PATH=/home/sheldon/Documents/pipeworld/install/teleop_tools_msgs/lib:${LD_LIBRARY_PATH} PYTHONPATH=/home/sheldon/Documents/pipeworld/install/joy_teleop/lib/python3.8/site-packages:/home/sheldon/Documents/pipeworld/install/teleop_tools_msgs/lib/python3.8/site-packages:/home/sheldon/Documents/pipeworld/install/key_teleop/lib/python3.8/site-packages:${PYTHONPATH} /usr/bin/cmake /home/sheldon/Documents/pipeworld/src/teleop_tools/teleop_tools -DCMAKE_INSTALL_PREFIX=/home/sheldon/Documents/pipeworld/install/teleop_tools
[0.333s] Invoking command in '/home/sheldon/Documents/pipeworld/build/teleop_tools': AMENT_PREFIX_PATH=/home/sheldon/Documents/pipeworld/install/joy_teleop:/home/sheldon/Documents/pipeworld/install/teleop_tools_msgs:/home/sheldon/Documents/pipeworld/install/key_teleop:${AMENT_PREFIX_PATH} CMAKE_PREFIX_PATH=/home/sheldon/Documents/pipeworld/install/teleop_tools_msgs:/opt/ros/foxy LD_LIBRARY_PATH=/home/sheldon/Documents/pipeworld/install/teleop_tools_msgs/lib:${LD_LIBRARY_PATH} PYTHONPATH=/home/sheldon/Documents/pipeworld/install/joy_teleop/lib/python3.8/site-packages:/home/sheldon/Documents/pipeworld/install/teleop_tools_msgs/lib/python3.8/site-packages:/home/sheldon/Documents/pipeworld/install/key_teleop/lib/python3.8/site-packages:${PYTHONPATH} /usr/bin/cmake --build /home/sheldon/Documents/pipeworld/build/teleop_tools -- -j8 -l8
[0.378s] Invoked command in '/home/sheldon/Documents/pipeworld/build/teleop_tools' returned '0': AMENT_PREFIX_PATH=/home/sheldon/Documents/pipeworld/install/joy_teleop:/home/sheldon/Documents/pipeworld/install/teleop_tools_msgs:/home/sheldon/Documents/pipeworld/install/key_teleop:${AMENT_PREFIX_PATH} CMAKE_PREFIX_PATH=/home/sheldon/Documents/pipeworld/install/teleop_tools_msgs:/opt/ros/foxy LD_LIBRARY_PATH=/home/sheldon/Documents/pipeworld/install/teleop_tools_msgs/lib:${LD_LIBRARY_PATH} PYTHONPATH=/home/sheldon/Documents/pipeworld/install/joy_teleop/lib/python3.8/site-packages:/home/sheldon/Documents/pipeworld/install/teleop_tools_msgs/lib/python3.8/site-packages:/home/sheldon/Documents/pipeworld/install/key_teleop/lib/python3.8/site-packages:${PYTHONPATH} /usr/bin/cmake --build /home/sheldon/Documents/pipeworld/build/teleop_tools -- -j8 -l8
[0.395s] Invoking command in '/home/sheldon/Documents/pipeworld/build/teleop_tools': AMENT_PREFIX_PATH=/home/sheldon/Documents/pipeworld/install/joy_teleop:/home/sheldon/Documents/pipeworld/install/teleop_tools_msgs:/home/sheldon/Documents/pipeworld/install/key_teleop:${AMENT_PREFIX_PATH} CMAKE_PREFIX_PATH=/home/sheldon/Documents/pipeworld/install/teleop_tools_msgs:/opt/ros/foxy LD_LIBRARY_PATH=/home/sheldon/Documents/pipeworld/install/teleop_tools_msgs/lib:${LD_LIBRARY_PATH} PYTHONPATH=/home/sheldon/Documents/pipeworld/install/joy_teleop/lib/python3.8/site-packages:/home/sheldon/Documents/pipeworld/install/teleop_tools_msgs/lib/python3.8/site-packages:/home/sheldon/Documents/pipeworld/install/key_teleop/lib/python3.8/site-packages:${PYTHONPATH} /usr/bin/cmake --install /home/sheldon/Documents/pipeworld/build/teleop_tools
[0.405s] -- Install configuration: ""
[0.405s] -- Installing: /home/sheldon/Documents/pipeworld/install/teleop_tools/share/ament_index/resource_index/package_run_dependencies/teleop_tools
[0.405s] -- Installing: /home/sheldon/Documents/pipeworld/install/teleop_tools/share/ament_index/resource_index/parent_prefix_path/teleop_tools
[0.405s] -- Installing: /home/sheldon/Documents/pipeworld/install/teleop_tools/share/teleop_tools/environment/ament_prefix_path.sh
[0.405s] -- Installing: /home/sheldon/Documents/pipeworld/install/teleop_tools/share/teleop_tools/environment/ament_prefix_path.dsv
[0.405s] -- Installing: /home/sheldon/Documents/pipeworld/install/teleop_tools/share/teleop_tools/environment/path.sh
[0.406s] -- Installing: /home/sheldon/Documents/pipeworld/install/teleop_tools/share/teleop_tools/environment/path.dsv
[0.406s] -- Installing: /home/sheldon/Documents/pipeworld/install/teleop_tools/share/teleop_tools/local_setup.bash
[0.406s] -- Installing: /home/sheldon/Documents/pipeworld/install/teleop_tools/share/teleop_tools/local_setup.sh
[0.406s] -- Installing: /home/sheldon/Documents/pipeworld/install/teleop_tools/share/teleop_tools/local_setup.zsh
[0.406s] -- Installing: /home/sheldon/Documents/pipeworld/install/teleop_tools/share/teleop_tools/local_setup.dsv
[0.406s] -- Installing: /home/sheldon/Documents/pipeworld/install/teleop_tools/share/teleop_tools/package.dsv
[0.406s] -- Installing: /home/sheldon/Documents/pipeworld/install/teleop_tools/share/ament_index/resource_index/packages/teleop_tools
[0.406s] -- Installing: /home/sheldon/Documents/pipeworld/install/teleop_tools/share/teleop_tools/cmake/teleop_toolsConfig.cmake
[0.406s] -- Installing: /home/sheldon/Documents/pipeworld/install/teleop_tools/share/teleop_tools/cmake/teleop_toolsConfig-version.cmake
[0.406s] -- Installing: /home/sheldon/Documents/pipeworld/install/teleop_tools/share/teleop_tools/package.xml
[0.410s] Invoked command in '/home/sheldon/Documents/pipeworld/build/teleop_tools' returned '0': AMENT_PREFIX_PATH=/home/sheldon/Documents/pipeworld/install/joy_teleop:/home/sheldon/Documents/pipeworld/install/teleop_tools_msgs:/home/sheldon/Documents/pipeworld/install/key_teleop:${AMENT_PREFIX_PATH} CMAKE_PREFIX_PATH=/home/sheldon/Documents/pipeworld/install/teleop_tools_msgs:/opt/ros/foxy LD_LIBRARY_PATH=/home/sheldon/Documents/pipeworld/install/teleop_tools_msgs/lib:${LD_LIBRARY_PATH} PYTHONPATH=/home/sheldon/Documents/pipeworld/install/joy_teleop/lib/python3.8/site-packages:/home/sheldon/Documents/pipeworld/install/teleop_tools_msgs/lib/python3.8/site-packages:/home/sheldon/Documents/pipeworld/install/key_teleop/lib/python3.8/site-packages:${PYTHONPATH} /usr/bin/cmake --install /home/sheldon/Documents/pipeworld/build/teleop_tools
