[0.046s] Invoking command in '/home/sheldon/Documents/pipeworld/build/teleop_tools_msgs': CMAKE_PREFIX_PATH=${CMAKE_PREFIX_PATH}:/home/sheldon/Documents/pipeworld/install/joy_teleop:/home/sheldon/Documents/pipeworld/install/pipeworld:/home/sheldon/Documents/pipeworld/install/mouse_teleop:/home/sheldon/Documents/pipeworld/install/key_teleop:/opt/ros/foxy /usr/bin/cmake --build /home/sheldon/Documents/pipeworld/build/teleop_tools_msgs -- -j8 -l8
[0.772s] [  3%] Built target teleop_tools_msgs__cpp
[0.773s] [ 12%] Built target teleop_tools_msgs__rosidl_generator_c
[0.773s] [ 22%] Built target teleop_tools_msgs__rosidl_typesupport_introspection_cpp
[0.774s] [ 32%] Built target teleop_tools_msgs__rosidl_typesupport_fastrtps_cpp
[0.775s] [ 41%] Built target teleop_tools_msgs__rosidl_typesupport_cpp
[0.775s] [ 51%] Built target teleop_tools_msgs__rosidl_typesupport_c
[0.775s] [ 61%] Built target teleop_tools_msgs__rosidl_typesupport_introspection_c
[0.776s] [ 70%] Built target teleop_tools_msgs__rosidl_typesupport_fastrtps_c
[0.777s] [ 70%] Built target teleop_tools_msgs
[0.778s] [ 74%] Built target teleop_tools_msgs__py
[0.779s] [ 80%] Built target teleop_tools_msgs__python
[0.779s] [ 87%] Built target teleop_tools_msgs__rosidl_typesupport_introspection_c__pyext
[0.780s] [ 93%] Built target teleop_tools_msgs__rosidl_typesupport_c__pyext
[0.781s] [100%] Built target teleop_tools_msgs__rosidl_typesupport_fastrtps_c__pyext
[0.781s] Invoked command in '/home/sheldon/Documents/pipeworld/build/teleop_tools_msgs' returned '0': CMAKE_PREFIX_PATH=${CMAKE_PREFIX_PATH}:/home/sheldon/Documents/pipeworld/install/joy_teleop:/home/sheldon/Documents/pipeworld/install/pipeworld:/home/sheldon/Documents/pipeworld/install/mouse_teleop:/home/sheldon/Documents/pipeworld/install/key_teleop:/opt/ros/foxy /usr/bin/cmake --build /home/sheldon/Documents/pipeworld/build/teleop_tools_msgs -- -j8 -l8
[0.871s] Invoking command in '/home/sheldon/Documents/pipeworld/build/teleop_tools_msgs': CMAKE_PREFIX_PATH=${CMAKE_PREFIX_PATH}:/home/sheldon/Documents/pipeworld/install/joy_teleop:/home/sheldon/Documents/pipeworld/install/pipeworld:/home/sheldon/Documents/pipeworld/install/mouse_teleop:/home/sheldon/Documents/pipeworld/install/key_teleop:/opt/ros/foxy /usr/bin/cmake --install /home/sheldon/Documents/pipeworld/build/teleop_tools_msgs
[0.908s] -- Install configuration: ""
[0.909s] -- Up-to-date: /home/sheldon/Documents/pipeworld/install/teleop_tools_msgs/share/ament_index/resource_index/rosidl_interfaces/teleop_tools_msgs
[0.910s] -- Up-to-date: /home/sheldon/Documents/pipeworld/install/teleop_tools_msgs/include/teleop_tools_msgs
[0.918s] -- Up-to-date: /home/sheldon/Documents/pipeworld/install/teleop_tools_msgs/include/teleop_tools_msgs/action
[0.919s] -- Up-to-date: /home/sheldon/Documents/pipeworld/install/teleop_tools_msgs/include/teleop_tools_msgs/action/increment.h
[0.919s] -- Up-to-date: /home/sheldon/Documents/pipeworld/install/teleop_tools_msgs/include/teleop_tools_msgs/action/detail
[0.919s] -- Up-to-date: /home/sheldon/Documents/pipeworld/install/teleop_tools_msgs/include/teleop_tools_msgs/action/detail/increment__functions.c
[0.919s] -- Up-to-date: /home/sheldon/Documents/pipeworld/install/teleop_tools_msgs/include/teleop_tools_msgs/action/detail/increment__struct.h
[0.920s] -- Up-to-date: /home/sheldon/Documents/pipeworld/install/teleop_tools_msgs/include/teleop_tools_msgs/action/detail/increment__type_support.h
[0.920s] -- Up-to-date: /home/sheldon/Documents/pipeworld/install/teleop_tools_msgs/include/teleop_tools_msgs/action/detail/increment__functions.h
[0.920s] -- Up-to-date: /home/sheldon/Documents/pipeworld/install/teleop_tools_msgs/include/teleop_tools_msgs/msg
[0.920s] -- Up-to-date: /home/sheldon/Documents/pipeworld/install/teleop_tools_msgs/include/teleop_tools_msgs/msg/rosidl_generator_c__visibility_control.h
[0.920s] -- Up-to-date: /home/sheldon/Documents/pipeworld/install/teleop_tools_msgs/share/teleop_tools_msgs/environment/library_path.sh
[0.920s] -- Up-to-date: /home/sheldon/Documents/pipeworld/install/teleop_tools_msgs/share/teleop_tools_msgs/environment/library_path.dsv
[0.920s] -- Up-to-date: /home/sheldon/Documents/pipeworld/install/teleop_tools_msgs/lib/libteleop_tools_msgs__rosidl_generator_c.so
[0.920s] -- Up-to-date: /home/sheldon/Documents/pipeworld/install/teleop_tools_msgs/include/teleop_tools_msgs
[0.921s] -- Up-to-date: /home/sheldon/Documents/pipeworld/install/teleop_tools_msgs/include/teleop_tools_msgs/action
[0.921s] -- Up-to-date: /home/sheldon/Documents/pipeworld/install/teleop_tools_msgs/include/teleop_tools_msgs/action/detail
[0.921s] -- Up-to-date: /home/sheldon/Documents/pipeworld/install/teleop_tools_msgs/include/teleop_tools_msgs/action/detail/increment__rosidl_typesupport_fastrtps_c.h
[0.921s] -- Up-to-date: /home/sheldon/Documents/pipeworld/install/teleop_tools_msgs/include/teleop_tools_msgs/msg
[0.921s] -- Up-to-date: /home/sheldon/Documents/pipeworld/install/teleop_tools_msgs/include/teleop_tools_msgs/msg/rosidl_typesupport_fastrtps_c__visibility_control.h
[0.921s] -- Up-to-date: /home/sheldon/Documents/pipeworld/install/teleop_tools_msgs/lib/libteleop_tools_msgs__rosidl_typesupport_fastrtps_c.so
[0.921s] -- Up-to-date: /home/sheldon/Documents/pipeworld/install/teleop_tools_msgs/include/teleop_tools_msgs
[0.921s] -- Up-to-date: /home/sheldon/Documents/pipeworld/install/teleop_tools_msgs/include/teleop_tools_msgs/action
[0.922s] -- Up-to-date: /home/sheldon/Documents/pipeworld/install/teleop_tools_msgs/include/teleop_tools_msgs/action/detail
[0.922s] -- Up-to-date: /home/sheldon/Documents/pipeworld/install/teleop_tools_msgs/include/teleop_tools_msgs/action/detail/increment__rosidl_typesupport_fastrtps_cpp.hpp
[0.922s] -- Up-to-date: /home/sheldon/Documents/pipeworld/install/teleop_tools_msgs/include/teleop_tools_msgs/action/detail/dds_fastrtps
[0.922s] -- Up-to-date: /home/sheldon/Documents/pipeworld/install/teleop_tools_msgs/include/teleop_tools_msgs/msg
[0.922s] -- Up-to-date: /home/sheldon/Documents/pipeworld/install/teleop_tools_msgs/include/teleop_tools_msgs/msg/rosidl_typesupport_fastrtps_cpp__visibility_control.h
[0.922s] -- Up-to-date: /home/sheldon/Documents/pipeworld/install/teleop_tools_msgs/lib/libteleop_tools_msgs__rosidl_typesupport_fastrtps_cpp.so
[0.922s] -- Up-to-date: /home/sheldon/Documents/pipeworld/install/teleop_tools_msgs/include/teleop_tools_msgs
[0.922s] -- Up-to-date: /home/sheldon/Documents/pipeworld/install/teleop_tools_msgs/include/teleop_tools_msgs/action
[0.923s] -- Up-to-date: /home/sheldon/Documents/pipeworld/install/teleop_tools_msgs/include/teleop_tools_msgs/action/detail
[0.923s] -- Up-to-date: /home/sheldon/Documents/pipeworld/install/teleop_tools_msgs/include/teleop_tools_msgs/action/detail/increment__type_support.c
[0.923s] -- Up-to-date: /home/sheldon/Documents/pipeworld/install/teleop_tools_msgs/include/teleop_tools_msgs/action/detail/increment__rosidl_typesupport_introspection_c.h
[0.923s] -- Up-to-date: /home/sheldon/Documents/pipeworld/install/teleop_tools_msgs/include/teleop_tools_msgs/msg
[0.923s] -- Up-to-date: /home/sheldon/Documents/pipeworld/install/teleop_tools_msgs/include/teleop_tools_msgs/msg/rosidl_typesupport_introspection_c__visibility_control.h
[0.923s] -- Up-to-date: /home/sheldon/Documents/pipeworld/install/teleop_tools_msgs/lib/libteleop_tools_msgs__rosidl_typesupport_introspection_c.so
[0.923s] -- Up-to-date: /home/sheldon/Documents/pipeworld/install/teleop_tools_msgs/lib/libteleop_tools_msgs__rosidl_typesupport_c.so
[0.923s] -- Up-to-date: /home/sheldon/Documents/pipeworld/install/teleop_tools_msgs/include/teleop_tools_msgs
[0.923s] -- Up-to-date: /home/sheldon/Documents/pipeworld/install/teleop_tools_msgs/include/teleop_tools_msgs/action
[0.923s] -- Up-to-date: /home/sheldon/Documents/pipeworld/install/teleop_tools_msgs/include/teleop_tools_msgs/action/detail
[0.923s] -- Up-to-date: /home/sheldon/Documents/pipeworld/install/teleop_tools_msgs/include/teleop_tools_msgs/action/detail/increment__builder.hpp
[0.924s] -- Up-to-date: /home/sheldon/Documents/pipeworld/install/teleop_tools_msgs/include/teleop_tools_msgs/action/detail/increment__traits.hpp
[0.924s] -- Up-to-date: /home/sheldon/Documents/pipeworld/install/teleop_tools_msgs/include/teleop_tools_msgs/action/detail/increment__struct.hpp
[0.924s] -- Up-to-date: /home/sheldon/Documents/pipeworld/install/teleop_tools_msgs/include/teleop_tools_msgs/action/increment.hpp
[0.924s] -- Up-to-date: /home/sheldon/Documents/pipeworld/install/teleop_tools_msgs/include/teleop_tools_msgs
[0.924s] -- Up-to-date: /home/sheldon/Documents/pipeworld/install/teleop_tools_msgs/include/teleop_tools_msgs/action
[0.924s] -- Up-to-date: /home/sheldon/Documents/pipeworld/install/teleop_tools_msgs/include/teleop_tools_msgs/action/detail
[0.924s] -- Up-to-date: /home/sheldon/Documents/pipeworld/install/teleop_tools_msgs/include/teleop_tools_msgs/action/detail/increment__type_support.cpp
[0.925s] -- Up-to-date: /home/sheldon/Documents/pipeworld/install/teleop_tools_msgs/include/teleop_tools_msgs/action/detail/increment__rosidl_typesupport_introspection_cpp.hpp
[0.925s] -- Up-to-date: /home/sheldon/Documents/pipeworld/install/teleop_tools_msgs/lib/libteleop_tools_msgs__rosidl_typesupport_introspection_cpp.so
[0.925s] -- Up-to-date: /home/sheldon/Documents/pipeworld/install/teleop_tools_msgs/lib/libteleop_tools_msgs__rosidl_typesupport_cpp.so
[0.926s] -- Up-to-date: /home/sheldon/Documents/pipeworld/install/teleop_tools_msgs/share/teleop_tools_msgs/environment/pythonpath.sh
[0.926s] -- Up-to-date: /home/sheldon/Documents/pipeworld/install/teleop_tools_msgs/share/teleop_tools_msgs/environment/pythonpath.dsv
[0.926s] -- Up-to-date: /home/sheldon/Documents/pipeworld/install/teleop_tools_msgs/lib/python3.8/site-packages/teleop_tools_msgs/__init__.py
[0.941s] -- Up-to-date: /home/sheldon/Documents/pipeworld/install/teleop_tools_msgs/lib/python3.8/site-packages/teleop_tools_msgs/action
[0.941s] -- Up-to-date: /home/sheldon/Documents/pipeworld/install/teleop_tools_msgs/lib/python3.8/site-packages/teleop_tools_msgs/action/_increment.py
[0.942s] -- Up-to-date: /home/sheldon/Documents/pipeworld/install/teleop_tools_msgs/lib/python3.8/site-packages/teleop_tools_msgs/action/_increment_s.c
[0.943s] -- Up-to-date: /home/sheldon/Documents/pipeworld/install/teleop_tools_msgs/lib/python3.8/site-packages/teleop_tools_msgs/action/__init__.py
[0.943s] -- Up-to-date: /home/sheldon/Documents/pipeworld/install/teleop_tools_msgs/lib/python3.8/site-packages/teleop_tools_msgs/teleop_tools_msgs_s__rosidl_typesupport_fastrtps_c.cpython-38-x86_64-linux-gnu.so
[0.943s] -- Up-to-date: /home/sheldon/Documents/pipeworld/install/teleop_tools_msgs/lib/python3.8/site-packages/teleop_tools_msgs/teleop_tools_msgs_s__rosidl_typesupport_introspection_c.cpython-38-x86_64-linux-gnu.so
[0.943s] -- Up-to-date: /home/sheldon/Documents/pipeworld/install/teleop_tools_msgs/lib/python3.8/site-packages/teleop_tools_msgs/teleop_tools_msgs_s__rosidl_typesupport_c.cpython-38-x86_64-linux-gnu.so
[0.946s] -- Up-to-date: /home/sheldon/Documents/pipeworld/install/teleop_tools_msgs/lib/libteleop_tools_msgs__python.so
[0.947s] -- Up-to-date: /home/sheldon/Documents/pipeworld/install/teleop_tools_msgs/share/teleop_tools_msgs/action/Increment.idl
[0.947s] -- Up-to-date: /home/sheldon/Documents/pipeworld/install/teleop_tools_msgs/share/teleop_tools_msgs/action/Increment.action
[0.948s] -- Up-to-date: /home/sheldon/Documents/pipeworld/install/teleop_tools_msgs/share/ament_index/resource_index/package_run_dependencies/teleop_tools_msgs
[0.948s] -- Up-to-date: /home/sheldon/Documents/pipeworld/install/teleop_tools_msgs/share/ament_index/resource_index/parent_prefix_path/teleop_tools_msgs
[0.948s] -- Up-to-date: /home/sheldon/Documents/pipeworld/install/teleop_tools_msgs/share/teleop_tools_msgs/environment/ament_prefix_path.sh
[0.949s] -- Up-to-date: /home/sheldon/Documents/pipeworld/install/teleop_tools_msgs/share/teleop_tools_msgs/environment/ament_prefix_path.dsv
[0.949s] -- Up-to-date: /home/sheldon/Documents/pipeworld/install/teleop_tools_msgs/share/teleop_tools_msgs/environment/path.sh
[0.949s] -- Up-to-date: /home/sheldon/Documents/pipeworld/install/teleop_tools_msgs/share/teleop_tools_msgs/environment/path.dsv
[0.951s] -- Up-to-date: /home/sheldon/Documents/pipeworld/install/teleop_tools_msgs/share/teleop_tools_msgs/local_setup.bash
[0.951s] -- Up-to-date: /home/sheldon/Documents/pipeworld/install/teleop_tools_msgs/share/teleop_tools_msgs/local_setup.sh
[0.952s] -- Up-to-date: /home/sheldon/Documents/pipeworld/install/teleop_tools_msgs/share/teleop_tools_msgs/local_setup.zsh
[0.952s] -- Up-to-date: /home/sheldon/Documents/pipeworld/install/teleop_tools_msgs/share/teleop_tools_msgs/local_setup.dsv
[0.959s] -- Installing: /home/sheldon/Documents/pipeworld/install/teleop_tools_msgs/share/teleop_tools_msgs/package.dsv
[0.959s] -- Up-to-date: /home/sheldon/Documents/pipeworld/install/teleop_tools_msgs/share/ament_index/resource_index/packages/teleop_tools_msgs
[0.959s] -- Up-to-date: /home/sheldon/Documents/pipeworld/install/teleop_tools_msgs/share/teleop_tools_msgs/cmake/teleop_tools_msgs__rosidl_generator_cExport.cmake
[0.959s] -- Up-to-date: /home/sheldon/Documents/pipeworld/install/teleop_tools_msgs/share/teleop_tools_msgs/cmake/teleop_tools_msgs__rosidl_generator_cExport-noconfig.cmake
[0.959s] -- Up-to-date: /home/sheldon/Documents/pipeworld/install/teleop_tools_msgs/share/teleop_tools_msgs/cmake/teleop_tools_msgs__rosidl_typesupport_introspection_cExport.cmake
[0.959s] -- Up-to-date: /home/sheldon/Documents/pipeworld/install/teleop_tools_msgs/share/teleop_tools_msgs/cmake/teleop_tools_msgs__rosidl_typesupport_introspection_cExport-noconfig.cmake
[0.959s] -- Up-to-date: /home/sheldon/Documents/pipeworld/install/teleop_tools_msgs/share/teleop_tools_msgs/cmake/teleop_tools_msgs__rosidl_typesupport_cExport.cmake
[0.960s] -- Up-to-date: /home/sheldon/Documents/pipeworld/install/teleop_tools_msgs/share/teleop_tools_msgs/cmake/teleop_tools_msgs__rosidl_typesupport_cExport-noconfig.cmake
[0.960s] -- Up-to-date: /home/sheldon/Documents/pipeworld/install/teleop_tools_msgs/share/teleop_tools_msgs/cmake/teleop_tools_msgs__rosidl_generator_cppExport.cmake
[0.960s] -- Up-to-date: /home/sheldon/Documents/pipeworld/install/teleop_tools_msgs/share/teleop_tools_msgs/cmake/teleop_tools_msgs__rosidl_typesupport_introspection_cppExport.cmake
[0.960s] -- Up-to-date: /home/sheldon/Documents/pipeworld/install/teleop_tools_msgs/share/teleop_tools_msgs/cmake/teleop_tools_msgs__rosidl_typesupport_introspection_cppExport-noconfig.cmake
[0.960s] -- Up-to-date: /home/sheldon/Documents/pipeworld/install/teleop_tools_msgs/share/teleop_tools_msgs/cmake/teleop_tools_msgs__rosidl_typesupport_cppExport.cmake
[0.960s] -- Up-to-date: /home/sheldon/Documents/pipeworld/install/teleop_tools_msgs/share/teleop_tools_msgs/cmake/teleop_tools_msgs__rosidl_typesupport_cppExport-noconfig.cmake
[0.960s] -- Up-to-date: /home/sheldon/Documents/pipeworld/install/teleop_tools_msgs/share/teleop_tools_msgs/cmake/rosidl_cmake-extras.cmake
[0.960s] -- Up-to-date: /home/sheldon/Documents/pipeworld/install/teleop_tools_msgs/share/teleop_tools_msgs/cmake/ament_cmake_export_dependencies-extras.cmake
[0.960s] -- Up-to-date: /home/sheldon/Documents/pipeworld/install/teleop_tools_msgs/share/teleop_tools_msgs/cmake/ament_cmake_export_libraries-extras.cmake
[0.961s] -- Up-to-date: /home/sheldon/Documents/pipeworld/install/teleop_tools_msgs/share/teleop_tools_msgs/cmake/ament_cmake_export_targets-extras.cmake
[0.963s] -- Up-to-date: /home/sheldon/Documents/pipeworld/install/teleop_tools_msgs/share/teleop_tools_msgs/cmake/ament_cmake_export_include_directories-extras.cmake
[0.963s] -- Up-to-date: /home/sheldon/Documents/pipeworld/install/teleop_tools_msgs/share/teleop_tools_msgs/cmake/rosidl_cmake_export_typesupport_libraries-extras.cmake
[0.963s] -- Up-to-date: /home/sheldon/Documents/pipeworld/install/teleop_tools_msgs/share/teleop_tools_msgs/cmake/rosidl_cmake_export_typesupport_targets-extras.cmake
[0.963s] -- Up-to-date: /home/sheldon/Documents/pipeworld/install/teleop_tools_msgs/share/teleop_tools_msgs/cmake/teleop_tools_msgsConfig.cmake
[0.964s] -- Up-to-date: /home/sheldon/Documents/pipeworld/install/teleop_tools_msgs/share/teleop_tools_msgs/cmake/teleop_tools_msgsConfig-version.cmake
[0.964s] -- Up-to-date: /home/sheldon/Documents/pipeworld/install/teleop_tools_msgs/share/teleop_tools_msgs/package.xml
[0.964s] Invoked command in '/home/sheldon/Documents/pipeworld/build/teleop_tools_msgs' returned '0': CMAKE_PREFIX_PATH=${CMAKE_PREFIX_PATH}:/home/sheldon/Documents/pipeworld/install/joy_teleop:/home/sheldon/Documents/pipeworld/install/pipeworld:/home/sheldon/Documents/pipeworld/install/mouse_teleop:/home/sheldon/Documents/pipeworld/install/key_teleop:/opt/ros/foxy /usr/bin/cmake --install /home/sheldon/Documents/pipeworld/build/teleop_tools_msgs
