[0.771s] Invoking command in '/home/sheldon/Documents/pipeworld/src/teleop_tools/mouse_teleop': PYTHONPATH=/home/sheldon/Documents/pipeworld/install/mouse_teleop/lib/python3.8/site-packages:${PYTHONPATH} /usr/bin/python3 setup.py egg_info --egg-base ../../../build/mouse_teleop build --build-base /home/sheldon/Documents/pipeworld/build/mouse_teleop/build install --prefix /home/sheldon/Documents/pipeworld/install/mouse_teleop --record /home/sheldon/Documents/pipeworld/build/mouse_teleop/install.log --single-version-externally-managed
[1.043s] running egg_info
[1.043s] writing ../../../build/mouse_teleop/mouse_teleop.egg-info/PKG-INFO
[1.044s] writing dependency_links to ../../../build/mouse_teleop/mouse_teleop.egg-info/dependency_links.txt
[1.044s] writing entry points to ../../../build/mouse_teleop/mouse_teleop.egg-info/entry_points.txt
[1.044s] writing requirements to ../../../build/mouse_teleop/mouse_teleop.egg-info/requires.txt
[1.044s] writing top-level names to ../../../build/mouse_teleop/mouse_teleop.egg-info/top_level.txt
[1.081s] reading manifest file '../../../build/mouse_teleop/mouse_teleop.egg-info/SOURCES.txt'
[1.097s] writing manifest file '../../../build/mouse_teleop/mouse_teleop.egg-info/SOURCES.txt'
[1.098s] running build
[1.098s] running build_py
[1.098s] running install
[1.106s] running install_lib
[1.106s] running install_data
[1.106s] running install_egg_info
[1.106s] removing '/home/sheldon/Documents/pipeworld/install/mouse_teleop/lib/python3.8/site-packages/mouse_teleop-0.3.0-py3.8.egg-info' (and everything under it)
[1.107s] Copying ../../../build/mouse_teleop/mouse_teleop.egg-info to /home/sheldon/Documents/pipeworld/install/mouse_teleop/lib/python3.8/site-packages/mouse_teleop-0.3.0-py3.8.egg-info
[1.107s] running install_scripts
[1.129s] Installing mouse_teleop script to /home/sheldon/Documents/pipeworld/install/mouse_teleop/lib/mouse_teleop
[1.130s] writing list of installed files to '/home/sheldon/Documents/pipeworld/build/mouse_teleop/install.log'
[1.316s] Invoked command in '/home/sheldon/Documents/pipeworld/src/teleop_tools/mouse_teleop' returned '0': PYTHONPATH=/home/sheldon/Documents/pipeworld/install/mouse_teleop/lib/python3.8/site-packages:${PYTHONPATH} /usr/bin/python3 setup.py egg_info --egg-base ../../../build/mouse_teleop build --build-base /home/sheldon/Documents/pipeworld/build/mouse_teleop/build install --prefix /home/sheldon/Documents/pipeworld/install/mouse_teleop --record /home/sheldon/Documents/pipeworld/build/mouse_teleop/install.log --single-version-externally-managed
