[0.296s] Invoking command in '/home/sheldon/Documents/pipeworld/src/teleop_tools/joy_teleop': CMAKE_PREFIX_PATH=/home/sheldon/Documents/pipeworld/install/teleop_tools_msgs:/home/sheldon/Documents/pipeworld/install/teleop_tools:/home/sheldon/Documents/pipeworld/install/sprintbot-model PYTHONPATH=/home/sheldon/Documents/pipeworld/install/joy_teleop/lib/python3.8/site-packages:/home/sheldon/Documents/pipeworld/install/teleop_tools_msgs/lib/python3.8/site-packages:/home/sheldon/Documents/pipeworld/install/joy_teleop/lib/python3.8/site-packages:/home/sheldon/Documents/pipeworld/install/pipeworld/lib/python3.8/site-packages:/home/sheldon/Documents/pipeworld/install/mouse_teleop/lib/python3.8/site-packages:/home/sheldon/Documents/pipeworld/install/key_teleop/lib/python3.8/site-packages:/opt/ros/foxy/lib/python3.8/site-packages /usr/bin/python3 setup.py egg_info --egg-base ../../../build/joy_teleop build --build-base /home/sheldon/Documents/pipeworld/build/joy_teleop/build install --prefix /home/sheldon/Documents/pipeworld/install/joy_teleop --record /home/sheldon/Documents/pipeworld/build/joy_teleop/install.log --single-version-externally-managed
[0.510s] running egg_info
[0.510s] writing ../../../build/joy_teleop/joy_teleop.egg-info/PKG-INFO
[0.511s] writing dependency_links to ../../../build/joy_teleop/joy_teleop.egg-info/dependency_links.txt
[0.511s] writing entry points to ../../../build/joy_teleop/joy_teleop.egg-info/entry_points.txt
[0.511s] writing requirements to ../../../build/joy_teleop/joy_teleop.egg-info/requires.txt
[0.511s] writing top-level names to ../../../build/joy_teleop/joy_teleop.egg-info/top_level.txt
[0.543s] reading manifest file '../../../build/joy_teleop/joy_teleop.egg-info/SOURCES.txt'
[0.583s] writing manifest file '../../../build/joy_teleop/joy_teleop.egg-info/SOURCES.txt'
[0.584s] running build
[0.584s] running build_py
[0.584s] running install
[0.585s] running install_lib
[0.586s] running install_data
[0.587s] running install_egg_info
[0.588s] removing '/home/sheldon/Documents/pipeworld/install/joy_teleop/lib/python3.8/site-packages/joy_teleop-0.3.0-py3.8.egg-info' (and everything under it)
[0.588s] Copying ../../../build/joy_teleop/joy_teleop.egg-info to /home/sheldon/Documents/pipeworld/install/joy_teleop/lib/python3.8/site-packages/joy_teleop-0.3.0-py3.8.egg-info
[0.589s] running install_scripts
[0.605s] Installing incrementer_server script to /home/sheldon/Documents/pipeworld/install/joy_teleop/lib/joy_teleop
[0.605s] Installing joy_teleop script to /home/sheldon/Documents/pipeworld/install/joy_teleop/lib/joy_teleop
[0.605s] writing list of installed files to '/home/sheldon/Documents/pipeworld/build/joy_teleop/install.log'
[0.630s] Invoked command in '/home/sheldon/Documents/pipeworld/src/teleop_tools/joy_teleop' returned '0': CMAKE_PREFIX_PATH=/home/sheldon/Documents/pipeworld/install/teleop_tools_msgs:/home/sheldon/Documents/pipeworld/install/teleop_tools:/home/sheldon/Documents/pipeworld/install/sprintbot-model PYTHONPATH=/home/sheldon/Documents/pipeworld/install/joy_teleop/lib/python3.8/site-packages:/home/sheldon/Documents/pipeworld/install/teleop_tools_msgs/lib/python3.8/site-packages:/home/sheldon/Documents/pipeworld/install/joy_teleop/lib/python3.8/site-packages:/home/sheldon/Documents/pipeworld/install/pipeworld/lib/python3.8/site-packages:/home/sheldon/Documents/pipeworld/install/mouse_teleop/lib/python3.8/site-packages:/home/sheldon/Documents/pipeworld/install/key_teleop/lib/python3.8/site-packages:/opt/ros/foxy/lib/python3.8/site-packages /usr/bin/python3 setup.py egg_info --egg-base ../../../build/joy_teleop build --build-base /home/sheldon/Documents/pipeworld/build/joy_teleop/build install --prefix /home/sheldon/Documents/pipeworld/install/joy_teleop --record /home/sheldon/Documents/pipeworld/build/joy_teleop/install.log --single-version-externally-managed
