[0.039s] Invoking command in '/home/sheldon/Documents/pipeworld/build/teleop_tools_msgs': CMAKE_PREFIX_PATH=/opt/ros/foxy /usr/bin/cmake /home/sheldon/Documents/pipeworld/src/teleop_tools/teleop_tools_msgs -DCMAKE_INSTALL_PREFIX=/home/sheldon/Documents/pipeworld/install/teleop_tools_msgs
[1.245s] -- The C compiler identification is GNU 9.3.0
[2.964s] -- The CXX compiler identification is GNU 9.3.0
[2.989s] -- Check for working C compiler: /usr/bin/cc
[3.061s] -- Check for working C compiler: /usr/bin/cc -- works
[3.063s] -- Detecting C compiler ABI info
[3.167s] -- Detecting C compiler ABI info - done
[3.179s] -- Detecting C compile features
[3.195s] -- Detecting C compile features - done
[3.197s] -- Check for working CXX compiler: /usr/bin/c++
[3.277s] -- Check for working CXX compiler: /usr/bin/c++ -- works
[3.278s] -- Detecting CXX compiler ABI info
[3.359s] -- Detecting CXX compiler ABI info - done
[3.372s] -- Detecting CXX compile features
[3.372s] -- Detecting CXX compile features - done
[3.375s] -- Found ament_cmake: 0.9.8 (/opt/ros/foxy/share/ament_cmake/cmake)
[3.398s] -- Found PythonInterp: /usr/bin/python3 (found suitable version "3.8.10", minimum required is "3") 
[3.398s] -- Using PYTHON_EXECUTABLE: /usr/bin/python3
[3.635s] -- Found rosidl_default_generators: 1.0.1 (/opt/ros/foxy/share/rosidl_default_generators/cmake)
[3.640s] -- Using all available rosidl_typesupport_c: rosidl_typesupport_fastrtps_c;rosidl_typesupport_introspection_c
[3.650s] -- Found rosidl_adapter: 1.2.1 (/opt/ros/foxy/share/rosidl_adapter/cmake)
[3.782s] -- Found OpenSSL: /usr/lib/x86_64-linux-gnu/libcrypto.so (found version "1.1.1f")  
[3.811s] -- Found FastRTPS: /opt/ros/foxy/include  
[3.897s] -- Using all available rosidl_typesupport_cpp: rosidl_typesupport_fastrtps_cpp;rosidl_typesupport_introspection_cpp
[3.940s] -- Found ament_lint_auto: 0.9.6 (/opt/ros/foxy/share/ament_lint_auto/cmake)
[4.045s] -- Found PythonInterp: /usr/bin/python3 (found version "3.8.10") 
[4.268s] -- Found ament_cmake_ros: 0.9.2 (/opt/ros/foxy/share/ament_cmake_ros/cmake)
[4.438s] -- Using all available rosidl_typesupport_c: rosidl_typesupport_fastrtps_c;rosidl_typesupport_introspection_c
[4.486s] -- Using all available rosidl_typesupport_cpp: rosidl_typesupport_fastrtps_cpp;rosidl_typesupport_introspection_cpp
[4.513s] -- Found PythonInterp: /usr/bin/python3 (found suitable version "3.8.10", minimum required is "3.5") 
[4.522s] -- Found python_cmake_module: 0.8.1 (/opt/ros/foxy/share/python_cmake_module/cmake)
[4.582s] -- Found PythonLibs: /usr/lib/x86_64-linux-gnu/libpython3.8.so (found suitable version "3.8.10", minimum required is "3.5") 
[4.582s] -- Using PYTHON_EXECUTABLE: /usr/bin/python3
[4.582s] -- Using PYTHON_INCLUDE_DIRS: /usr/include/python3.8
[4.582s] -- Using PYTHON_LIBRARIES: /usr/lib/x86_64-linux-gnu/libpython3.8.so
[4.603s] -- Found PythonExtra: .so  
[4.668s] -- Added test 'copyright' to check source files copyright and LICENSE
[4.669s] -- Added test 'lint_cmake' to check CMake code style
[4.670s] -- Added test 'xmllint' to check XML markup files
[4.703s] -- Configuring done
[4.771s] -- Generating done
[4.774s] -- Build files have been written to: /home/sheldon/Documents/pipeworld/build/teleop_tools_msgs
[4.788s] Invoked command in '/home/sheldon/Documents/pipeworld/build/teleop_tools_msgs' returned '0': CMAKE_PREFIX_PATH=/opt/ros/foxy /usr/bin/cmake /home/sheldon/Documents/pipeworld/src/teleop_tools/teleop_tools_msgs -DCMAKE_INSTALL_PREFIX=/home/sheldon/Documents/pipeworld/install/teleop_tools_msgs
[4.790s] Invoking command in '/home/sheldon/Documents/pipeworld/build/teleop_tools_msgs': CMAKE_PREFIX_PATH=/opt/ros/foxy /usr/bin/cmake --build /home/sheldon/Documents/pipeworld/build/teleop_tools_msgs -- -j8 -l8
[4.832s] [  3%] [34m[1mGenerating C code for ROS interfaces[0m
[4.832s] [35m[1mScanning dependencies of target teleop_tools_msgs__cpp[0m
[4.844s] [  6%] [34m[1mGenerating C++ code for ROS interfaces[0m
[5.270s] [  6%] Built target teleop_tools_msgs__cpp
[5.283s] [  9%] [34m[1mGenerating C++ type support dispatch for ROS interfaces[0m
[5.286s] [ 12%] [34m[1mGenerating C++ introspection for ROS interfaces[0m
[5.286s] [ 16%] [34m[1mGenerating C++ type support for eProsima Fast-RTPS[0m
[5.316s] [35m[1mScanning dependencies of target teleop_tools_msgs__rosidl_generator_c[0m
[5.365s] [ 19%] [32mBuilding C object CMakeFiles/teleop_tools_msgs__rosidl_generator_c.dir/rosidl_generator_c/teleop_tools_msgs/action/detail/increment__functions.c.o[0m
[5.587s] [35m[1mScanning dependencies of target teleop_tools_msgs__rosidl_typesupport_cpp[0m
[5.671s] [ 22%] [32m[1mLinking C shared library libteleop_tools_msgs__rosidl_generator_c.so[0m
[5.691s] [35m[1mScanning dependencies of target teleop_tools_msgs__rosidl_typesupport_fastrtps_cpp[0m
[5.711s] [ 25%] [32mBuilding CXX object CMakeFiles/teleop_tools_msgs__rosidl_typesupport_cpp.dir/rosidl_typesupport_cpp/teleop_tools_msgs/action/increment__type_support.cpp.o[0m
[5.715s] [35m[1mScanning dependencies of target teleop_tools_msgs__rosidl_typesupport_introspection_cpp[0m
[5.785s] [ 29%] [32mBuilding CXX object CMakeFiles/teleop_tools_msgs__rosidl_typesupport_introspection_cpp.dir/rosidl_typesupport_introspection_cpp/teleop_tools_msgs/action/detail/increment__type_support.cpp.o[0m
[5.817s] [ 29%] Built target teleop_tools_msgs__rosidl_generator_c
[5.827s] [ 35%] [34m[1mGenerating C type support dispatch for ROS interfaces[0m
[5.828s] [ 35%] [34m[1mGenerating C introspection for ROS interfaces[0m
[5.944s] [ 38%] [32mBuilding CXX object CMakeFiles/teleop_tools_msgs__rosidl_typesupport_fastrtps_cpp.dir/rosidl_typesupport_fastrtps_cpp/teleop_tools_msgs/action/detail/dds_fastrtps/increment__type_support.cpp.o[0m
[6.138s] [35m[1mScanning dependencies of target teleop_tools_msgs__rosidl_typesupport_c[0m
[6.202s] [35m[1mScanning dependencies of target teleop_tools_msgs__rosidl_typesupport_introspection_c[0m
[6.446s] [ 41%] [32mBuilding CXX object CMakeFiles/teleop_tools_msgs__rosidl_typesupport_c.dir/rosidl_typesupport_c/teleop_tools_msgs/action/increment__type_support.cpp.o[0m
[6.464s] [ 45%] [32mBuilding C object CMakeFiles/teleop_tools_msgs__rosidl_typesupport_introspection_c.dir/rosidl_typesupport_introspection_c/teleop_tools_msgs/action/detail/increment__type_support.c.o[0m
[6.513s] [ 48%] [32m[1mLinking C shared library libteleop_tools_msgs__rosidl_typesupport_introspection_c.so[0m
[6.545s] [ 48%] Built target teleop_tools_msgs__rosidl_typesupport_introspection_c
[6.592s] [ 51%] [32m[1mLinking CXX shared library libteleop_tools_msgs__rosidl_typesupport_c.so[0m
[6.637s] [ 51%] Built target teleop_tools_msgs__rosidl_typesupport_c
[7.091s] [ 54%] [32m[1mLinking CXX shared library libteleop_tools_msgs__rosidl_typesupport_cpp.so[0m
[7.149s] [ 54%] Built target teleop_tools_msgs__rosidl_typesupport_cpp
[7.291s] [ 58%] [32m[1mLinking CXX shared library libteleop_tools_msgs__rosidl_typesupport_introspection_cpp.so[0m
[7.394s] [ 58%] Built target teleop_tools_msgs__rosidl_typesupport_introspection_cpp
[7.452s] [ 61%] [32m[1mLinking CXX shared library libteleop_tools_msgs__rosidl_typesupport_fastrtps_cpp.so[0m
[7.564s] [ 61%] Built target teleop_tools_msgs__rosidl_typesupport_fastrtps_cpp
[7.575s] [ 64%] [34m[1mGenerating C type support for eProsima Fast-RTPS[0m
[7.919s] [35m[1mScanning dependencies of target teleop_tools_msgs__rosidl_typesupport_fastrtps_c[0m
[7.945s] [ 67%] [32mBuilding CXX object CMakeFiles/teleop_tools_msgs__rosidl_typesupport_fastrtps_c.dir/rosidl_typesupport_fastrtps_c/teleop_tools_msgs/action/detail/increment__type_support_c.cpp.o[0m
[8.338s] [ 70%] [32m[1mLinking CXX shared library libteleop_tools_msgs__rosidl_typesupport_fastrtps_c.so[0m
[8.442s] [ 70%] Built target teleop_tools_msgs__rosidl_typesupport_fastrtps_c
[8.452s] [35m[1mScanning dependencies of target teleop_tools_msgs[0m
[8.462s] [ 70%] Built target teleop_tools_msgs
[8.474s] [35m[1mScanning dependencies of target teleop_tools_msgs__py[0m
[8.485s] [ 74%] [34m[1mGenerating Python code for ROS interfaces[0m
[9.296s] [ 74%] Built target teleop_tools_msgs__py
[9.305s] [35m[1mScanning dependencies of target teleop_tools_msgs__python[0m
[9.513s] [ 77%] [32mBuilding C object CMakeFiles/teleop_tools_msgs__python.dir/rosidl_generator_py/teleop_tools_msgs/action/_increment_s.c.o[0m
[10.108s] [ 80%] [32m[1mLinking C shared library rosidl_generator_py/teleop_tools_msgs/libteleop_tools_msgs__python.so[0m
[10.152s] [ 80%] Built target teleop_tools_msgs__python
[10.161s] [35m[1mScanning dependencies of target teleop_tools_msgs__rosidl_typesupport_c__pyext[0m
[10.164s] [35m[1mScanning dependencies of target teleop_tools_msgs__rosidl_typesupport_introspection_c__pyext[0m
[10.164s] [35m[1mScanning dependencies of target teleop_tools_msgs__rosidl_typesupport_fastrtps_c__pyext[0m
[10.178s] [ 83%] [32mBuilding C object CMakeFiles/teleop_tools_msgs__rosidl_typesupport_c__pyext.dir/rosidl_generator_py/teleop_tools_msgs/_teleop_tools_msgs_s.ep.rosidl_typesupport_c.c.o[0m
[10.187s] [ 87%] [32mBuilding C object CMakeFiles/teleop_tools_msgs__rosidl_typesupport_introspection_c__pyext.dir/rosidl_generator_py/teleop_tools_msgs/_teleop_tools_msgs_s.ep.rosidl_typesupport_introspection_c.c.o[0m
[10.188s] [ 90%] [32mBuilding C object CMakeFiles/teleop_tools_msgs__rosidl_typesupport_fastrtps_c__pyext.dir/rosidl_generator_py/teleop_tools_msgs/_teleop_tools_msgs_s.ep.rosidl_typesupport_fastrtps_c.c.o[0m
[10.275s] [ 93%] [32m[1mLinking C shared library rosidl_generator_py/teleop_tools_msgs/teleop_tools_msgs_s__rosidl_typesupport_c.cpython-38-x86_64-linux-gnu.so[0m
[10.282s] [ 96%] [32m[1mLinking C shared library rosidl_generator_py/teleop_tools_msgs/teleop_tools_msgs_s__rosidl_typesupport_introspection_c.cpython-38-x86_64-linux-gnu.so[0m
[10.300s] [100%] [32m[1mLinking CXX shared library rosidl_generator_py/teleop_tools_msgs/teleop_tools_msgs_s__rosidl_typesupport_fastrtps_c.cpython-38-x86_64-linux-gnu.so[0m
[10.315s] [100%] Built target teleop_tools_msgs__rosidl_typesupport_c__pyext
[10.322s] [100%] Built target teleop_tools_msgs__rosidl_typesupport_introspection_c__pyext
[10.368s] [100%] Built target teleop_tools_msgs__rosidl_typesupport_fastrtps_c__pyext
[10.381s] Invoked command in '/home/sheldon/Documents/pipeworld/build/teleop_tools_msgs' returned '0': CMAKE_PREFIX_PATH=/opt/ros/foxy /usr/bin/cmake --build /home/sheldon/Documents/pipeworld/build/teleop_tools_msgs -- -j8 -l8
[10.432s] Invoking command in '/home/sheldon/Documents/pipeworld/build/teleop_tools_msgs': CMAKE_PREFIX_PATH=/opt/ros/foxy /usr/bin/cmake --install /home/sheldon/Documents/pipeworld/build/teleop_tools_msgs
[10.439s] -- Install configuration: ""
[10.440s] -- Installing: /home/sheldon/Documents/pipeworld/install/teleop_tools_msgs/share/ament_index/resource_index/rosidl_interfaces/teleop_tools_msgs
[10.440s] -- Installing: /home/sheldon/Documents/pipeworld/install/teleop_tools_msgs/include/teleop_tools_msgs
[10.440s] -- Installing: /home/sheldon/Documents/pipeworld/install/teleop_tools_msgs/include/teleop_tools_msgs/action
[10.440s] -- Installing: /home/sheldon/Documents/pipeworld/install/teleop_tools_msgs/include/teleop_tools_msgs/action/increment.h
[10.440s] -- Installing: /home/sheldon/Documents/pipeworld/install/teleop_tools_msgs/include/teleop_tools_msgs/action/detail
[10.440s] -- Installing: /home/sheldon/Documents/pipeworld/install/teleop_tools_msgs/include/teleop_tools_msgs/action/detail/increment__functions.c
[10.440s] -- Installing: /home/sheldon/Documents/pipeworld/install/teleop_tools_msgs/include/teleop_tools_msgs/action/detail/increment__struct.h
[10.441s] -- Installing: /home/sheldon/Documents/pipeworld/install/teleop_tools_msgs/include/teleop_tools_msgs/action/detail/increment__type_support.h
[10.441s] -- Installing: /home/sheldon/Documents/pipeworld/install/teleop_tools_msgs/include/teleop_tools_msgs/action/detail/increment__functions.h
[10.441s] -- Installing: /home/sheldon/Documents/pipeworld/install/teleop_tools_msgs/include/teleop_tools_msgs/msg
[10.441s] -- Installing: /home/sheldon/Documents/pipeworld/install/teleop_tools_msgs/include/teleop_tools_msgs/msg/rosidl_generator_c__visibility_control.h
[10.441s] -- Installing: /home/sheldon/Documents/pipeworld/install/teleop_tools_msgs/share/teleop_tools_msgs/environment/library_path.sh
[10.441s] -- Installing: /home/sheldon/Documents/pipeworld/install/teleop_tools_msgs/share/teleop_tools_msgs/environment/library_path.dsv
[10.441s] -- Installing: /home/sheldon/Documents/pipeworld/install/teleop_tools_msgs/lib/libteleop_tools_msgs__rosidl_generator_c.so
[10.442s] -- Set runtime path of "/home/sheldon/Documents/pipeworld/install/teleop_tools_msgs/lib/libteleop_tools_msgs__rosidl_generator_c.so" to ""
[10.442s] -- Up-to-date: /home/sheldon/Documents/pipeworld/install/teleop_tools_msgs/include/teleop_tools_msgs
[10.442s] -- Up-to-date: /home/sheldon/Documents/pipeworld/install/teleop_tools_msgs/include/teleop_tools_msgs/action
[10.442s] -- Up-to-date: /home/sheldon/Documents/pipeworld/install/teleop_tools_msgs/include/teleop_tools_msgs/action/detail
[10.442s] -- Installing: /home/sheldon/Documents/pipeworld/install/teleop_tools_msgs/include/teleop_tools_msgs/action/detail/increment__rosidl_typesupport_fastrtps_c.h
[10.442s] -- Up-to-date: /home/sheldon/Documents/pipeworld/install/teleop_tools_msgs/include/teleop_tools_msgs/msg
[10.443s] -- Installing: /home/sheldon/Documents/pipeworld/install/teleop_tools_msgs/include/teleop_tools_msgs/msg/rosidl_typesupport_fastrtps_c__visibility_control.h
[10.443s] -- Installing: /home/sheldon/Documents/pipeworld/install/teleop_tools_msgs/lib/libteleop_tools_msgs__rosidl_typesupport_fastrtps_c.so
[10.443s] -- Set runtime path of "/home/sheldon/Documents/pipeworld/install/teleop_tools_msgs/lib/libteleop_tools_msgs__rosidl_typesupport_fastrtps_c.so" to ""
[10.443s] -- Up-to-date: /home/sheldon/Documents/pipeworld/install/teleop_tools_msgs/include/teleop_tools_msgs
[10.443s] -- Up-to-date: /home/sheldon/Documents/pipeworld/install/teleop_tools_msgs/include/teleop_tools_msgs/action
[10.443s] -- Up-to-date: /home/sheldon/Documents/pipeworld/install/teleop_tools_msgs/include/teleop_tools_msgs/action/detail
[10.444s] -- Installing: /home/sheldon/Documents/pipeworld/install/teleop_tools_msgs/include/teleop_tools_msgs/action/detail/increment__rosidl_typesupport_fastrtps_cpp.hpp
[10.444s] -- Installing: /home/sheldon/Documents/pipeworld/install/teleop_tools_msgs/include/teleop_tools_msgs/action/detail/dds_fastrtps
[10.444s] -- Up-to-date: /home/sheldon/Documents/pipeworld/install/teleop_tools_msgs/include/teleop_tools_msgs/msg
[10.444s] -- Installing: /home/sheldon/Documents/pipeworld/install/teleop_tools_msgs/include/teleop_tools_msgs/msg/rosidl_typesupport_fastrtps_cpp__visibility_control.h
[10.444s] -- Installing: /home/sheldon/Documents/pipeworld/install/teleop_tools_msgs/lib/libteleop_tools_msgs__rosidl_typesupport_fastrtps_cpp.so
[10.444s] -- Set runtime path of "/home/sheldon/Documents/pipeworld/install/teleop_tools_msgs/lib/libteleop_tools_msgs__rosidl_typesupport_fastrtps_cpp.so" to ""
[10.444s] -- Up-to-date: /home/sheldon/Documents/pipeworld/install/teleop_tools_msgs/include/teleop_tools_msgs
[10.445s] -- Up-to-date: /home/sheldon/Documents/pipeworld/install/teleop_tools_msgs/include/teleop_tools_msgs/action
[10.445s] -- Up-to-date: /home/sheldon/Documents/pipeworld/install/teleop_tools_msgs/include/teleop_tools_msgs/action/detail
[10.445s] -- Installing: /home/sheldon/Documents/pipeworld/install/teleop_tools_msgs/include/teleop_tools_msgs/action/detail/increment__type_support.c
[10.445s] -- Installing: /home/sheldon/Documents/pipeworld/install/teleop_tools_msgs/include/teleop_tools_msgs/action/detail/increment__rosidl_typesupport_introspection_c.h
[10.445s] -- Up-to-date: /home/sheldon/Documents/pipeworld/install/teleop_tools_msgs/include/teleop_tools_msgs/msg
[10.445s] -- Installing: /home/sheldon/Documents/pipeworld/install/teleop_tools_msgs/include/teleop_tools_msgs/msg/rosidl_typesupport_introspection_c__visibility_control.h
[10.445s] -- Installing: /home/sheldon/Documents/pipeworld/install/teleop_tools_msgs/lib/libteleop_tools_msgs__rosidl_typesupport_introspection_c.so
[10.446s] -- Set runtime path of "/home/sheldon/Documents/pipeworld/install/teleop_tools_msgs/lib/libteleop_tools_msgs__rosidl_typesupport_introspection_c.so" to ""
[10.446s] -- Installing: /home/sheldon/Documents/pipeworld/install/teleop_tools_msgs/lib/libteleop_tools_msgs__rosidl_typesupport_c.so
[10.446s] -- Set runtime path of "/home/sheldon/Documents/pipeworld/install/teleop_tools_msgs/lib/libteleop_tools_msgs__rosidl_typesupport_c.so" to ""
[10.446s] -- Up-to-date: /home/sheldon/Documents/pipeworld/install/teleop_tools_msgs/include/teleop_tools_msgs
[10.446s] -- Up-to-date: /home/sheldon/Documents/pipeworld/install/teleop_tools_msgs/include/teleop_tools_msgs/action
[10.447s] -- Up-to-date: /home/sheldon/Documents/pipeworld/install/teleop_tools_msgs/include/teleop_tools_msgs/action/detail
[10.447s] -- Installing: /home/sheldon/Documents/pipeworld/install/teleop_tools_msgs/include/teleop_tools_msgs/action/detail/increment__builder.hpp
[10.447s] -- Installing: /home/sheldon/Documents/pipeworld/install/teleop_tools_msgs/include/teleop_tools_msgs/action/detail/increment__traits.hpp
[10.447s] -- Installing: /home/sheldon/Documents/pipeworld/install/teleop_tools_msgs/include/teleop_tools_msgs/action/detail/increment__struct.hpp
[10.447s] -- Installing: /home/sheldon/Documents/pipeworld/install/teleop_tools_msgs/include/teleop_tools_msgs/action/increment.hpp
[10.447s] -- Up-to-date: /home/sheldon/Documents/pipeworld/install/teleop_tools_msgs/include/teleop_tools_msgs
[10.447s] -- Up-to-date: /home/sheldon/Documents/pipeworld/install/teleop_tools_msgs/include/teleop_tools_msgs/action
[10.448s] -- Up-to-date: /home/sheldon/Documents/pipeworld/install/teleop_tools_msgs/include/teleop_tools_msgs/action/detail
[10.448s] -- Installing: /home/sheldon/Documents/pipeworld/install/teleop_tools_msgs/include/teleop_tools_msgs/action/detail/increment__type_support.cpp
[10.448s] -- Installing: /home/sheldon/Documents/pipeworld/install/teleop_tools_msgs/include/teleop_tools_msgs/action/detail/increment__rosidl_typesupport_introspection_cpp.hpp
[10.448s] -- Installing: /home/sheldon/Documents/pipeworld/install/teleop_tools_msgs/lib/libteleop_tools_msgs__rosidl_typesupport_introspection_cpp.so
[10.448s] -- Set runtime path of "/home/sheldon/Documents/pipeworld/install/teleop_tools_msgs/lib/libteleop_tools_msgs__rosidl_typesupport_introspection_cpp.so" to ""
[10.448s] -- Installing: /home/sheldon/Documents/pipeworld/install/teleop_tools_msgs/lib/libteleop_tools_msgs__rosidl_typesupport_cpp.so
[10.449s] -- Set runtime path of "/home/sheldon/Documents/pipeworld/install/teleop_tools_msgs/lib/libteleop_tools_msgs__rosidl_typesupport_cpp.so" to ""
[10.449s] -- Installing: /home/sheldon/Documents/pipeworld/install/teleop_tools_msgs/share/teleop_tools_msgs/environment/pythonpath.sh
[10.449s] -- Installing: /home/sheldon/Documents/pipeworld/install/teleop_tools_msgs/share/teleop_tools_msgs/environment/pythonpath.dsv
[10.449s] -- Installing: /home/sheldon/Documents/pipeworld/install/teleop_tools_msgs/lib/python3.8/site-packages/teleop_tools_msgs/__init__.py
[10.479s] Compiling '/home/sheldon/Documents/pipeworld/install/teleop_tools_msgs/lib/python3.8/site-packages/teleop_tools_msgs/__init__.py'...
[10.488s] -- Installing: /home/sheldon/Documents/pipeworld/install/teleop_tools_msgs/lib/python3.8/site-packages/teleop_tools_msgs/action
[10.488s] -- Installing: /home/sheldon/Documents/pipeworld/install/teleop_tools_msgs/lib/python3.8/site-packages/teleop_tools_msgs/action/_increment.py
[10.488s] -- Installing: /home/sheldon/Documents/pipeworld/install/teleop_tools_msgs/lib/python3.8/site-packages/teleop_tools_msgs/action/_increment_s.c
[10.488s] -- Installing: /home/sheldon/Documents/pipeworld/install/teleop_tools_msgs/lib/python3.8/site-packages/teleop_tools_msgs/action/__init__.py
[10.489s] -- Installing: /home/sheldon/Documents/pipeworld/install/teleop_tools_msgs/lib/python3.8/site-packages/teleop_tools_msgs/teleop_tools_msgs_s__rosidl_typesupport_fastrtps_c.cpython-38-x86_64-linux-gnu.so
[10.489s] -- Set runtime path of "/home/sheldon/Documents/pipeworld/install/teleop_tools_msgs/lib/python3.8/site-packages/teleop_tools_msgs/teleop_tools_msgs_s__rosidl_typesupport_fastrtps_c.cpython-38-x86_64-linux-gnu.so" to ""
[10.490s] -- Installing: /home/sheldon/Documents/pipeworld/install/teleop_tools_msgs/lib/python3.8/site-packages/teleop_tools_msgs/teleop_tools_msgs_s__rosidl_typesupport_introspection_c.cpython-38-x86_64-linux-gnu.so
[10.490s] -- Set runtime path of "/home/sheldon/Documents/pipeworld/install/teleop_tools_msgs/lib/python3.8/site-packages/teleop_tools_msgs/teleop_tools_msgs_s__rosidl_typesupport_introspection_c.cpython-38-x86_64-linux-gnu.so" to ""
[10.491s] -- Installing: /home/sheldon/Documents/pipeworld/install/teleop_tools_msgs/lib/python3.8/site-packages/teleop_tools_msgs/teleop_tools_msgs_s__rosidl_typesupport_c.cpython-38-x86_64-linux-gnu.so
[10.491s] -- Set runtime path of "/home/sheldon/Documents/pipeworld/install/teleop_tools_msgs/lib/python3.8/site-packages/teleop_tools_msgs/teleop_tools_msgs_s__rosidl_typesupport_c.cpython-38-x86_64-linux-gnu.so" to ""
[10.492s] -- Installing: /home/sheldon/Documents/pipeworld/install/teleop_tools_msgs/lib/libteleop_tools_msgs__python.so
[10.492s] -- Set runtime path of "/home/sheldon/Documents/pipeworld/install/teleop_tools_msgs/lib/libteleop_tools_msgs__python.so" to ""
[10.492s] -- Installing: /home/sheldon/Documents/pipeworld/install/teleop_tools_msgs/share/teleop_tools_msgs/action/Increment.idl
[10.492s] -- Installing: /home/sheldon/Documents/pipeworld/install/teleop_tools_msgs/share/teleop_tools_msgs/action/Increment.action
[10.493s] -- Installing: /home/sheldon/Documents/pipeworld/install/teleop_tools_msgs/share/ament_index/resource_index/package_run_dependencies/teleop_tools_msgs
[10.493s] -- Installing: /home/sheldon/Documents/pipeworld/install/teleop_tools_msgs/share/ament_index/resource_index/parent_prefix_path/teleop_tools_msgs
[10.493s] -- Installing: /home/sheldon/Documents/pipeworld/install/teleop_tools_msgs/share/teleop_tools_msgs/environment/ament_prefix_path.sh
[10.493s] -- Installing: /home/sheldon/Documents/pipeworld/install/teleop_tools_msgs/share/teleop_tools_msgs/environment/ament_prefix_path.dsv
[10.493s] -- Installing: /home/sheldon/Documents/pipeworld/install/teleop_tools_msgs/share/teleop_tools_msgs/environment/path.sh
[10.494s] -- Installing: /home/sheldon/Documents/pipeworld/install/teleop_tools_msgs/share/teleop_tools_msgs/environment/path.dsv
[10.494s] -- Installing: /home/sheldon/Documents/pipeworld/install/teleop_tools_msgs/share/teleop_tools_msgs/local_setup.bash
[10.494s] -- Installing: /home/sheldon/Documents/pipeworld/install/teleop_tools_msgs/share/teleop_tools_msgs/local_setup.sh
[10.494s] -- Installing: /home/sheldon/Documents/pipeworld/install/teleop_tools_msgs/share/teleop_tools_msgs/local_setup.zsh
[10.494s] -- Installing: /home/sheldon/Documents/pipeworld/install/teleop_tools_msgs/share/teleop_tools_msgs/local_setup.dsv
[10.494s] -- Installing: /home/sheldon/Documents/pipeworld/install/teleop_tools_msgs/share/teleop_tools_msgs/package.dsv
[10.495s] -- Installing: /home/sheldon/Documents/pipeworld/install/teleop_tools_msgs/share/ament_index/resource_index/packages/teleop_tools_msgs
[10.495s] -- Installing: /home/sheldon/Documents/pipeworld/install/teleop_tools_msgs/share/teleop_tools_msgs/cmake/teleop_tools_msgs__rosidl_generator_cExport.cmake
[10.495s] -- Installing: /home/sheldon/Documents/pipeworld/install/teleop_tools_msgs/share/teleop_tools_msgs/cmake/teleop_tools_msgs__rosidl_generator_cExport-noconfig.cmake
[10.495s] -- Installing: /home/sheldon/Documents/pipeworld/install/teleop_tools_msgs/share/teleop_tools_msgs/cmake/teleop_tools_msgs__rosidl_typesupport_introspection_cExport.cmake
[10.496s] -- Installing: /home/sheldon/Documents/pipeworld/install/teleop_tools_msgs/share/teleop_tools_msgs/cmake/teleop_tools_msgs__rosidl_typesupport_introspection_cExport-noconfig.cmake
[10.496s] -- Installing: /home/sheldon/Documents/pipeworld/install/teleop_tools_msgs/share/teleop_tools_msgs/cmake/teleop_tools_msgs__rosidl_typesupport_cExport.cmake
[10.496s] -- Installing: /home/sheldon/Documents/pipeworld/install/teleop_tools_msgs/share/teleop_tools_msgs/cmake/teleop_tools_msgs__rosidl_typesupport_cExport-noconfig.cmake
[10.496s] -- Installing: /home/sheldon/Documents/pipeworld/install/teleop_tools_msgs/share/teleop_tools_msgs/cmake/teleop_tools_msgs__rosidl_generator_cppExport.cmake
[10.497s] -- Installing: /home/sheldon/Documents/pipeworld/install/teleop_tools_msgs/share/teleop_tools_msgs/cmake/teleop_tools_msgs__rosidl_typesupport_introspection_cppExport.cmake
[10.497s] -- Installing: /home/sheldon/Documents/pipeworld/install/teleop_tools_msgs/share/teleop_tools_msgs/cmake/teleop_tools_msgs__rosidl_typesupport_introspection_cppExport-noconfig.cmake
[10.497s] -- Installing: /home/sheldon/Documents/pipeworld/install/teleop_tools_msgs/share/teleop_tools_msgs/cmake/teleop_tools_msgs__rosidl_typesupport_cppExport.cmake
[10.497s] -- Installing: /home/sheldon/Documents/pipeworld/install/teleop_tools_msgs/share/teleop_tools_msgs/cmake/teleop_tools_msgs__rosidl_typesupport_cppExport-noconfig.cmake
[10.497s] -- Installing: /home/sheldon/Documents/pipeworld/install/teleop_tools_msgs/share/teleop_tools_msgs/cmake/rosidl_cmake-extras.cmake
[10.498s] -- Installing: /home/sheldon/Documents/pipeworld/install/teleop_tools_msgs/share/teleop_tools_msgs/cmake/ament_cmake_export_dependencies-extras.cmake
[10.498s] -- Installing: /home/sheldon/Documents/pipeworld/install/teleop_tools_msgs/share/teleop_tools_msgs/cmake/ament_cmake_export_libraries-extras.cmake
[10.498s] -- Installing: /home/sheldon/Documents/pipeworld/install/teleop_tools_msgs/share/teleop_tools_msgs/cmake/ament_cmake_export_targets-extras.cmake
[10.498s] -- Installing: /home/sheldon/Documents/pipeworld/install/teleop_tools_msgs/share/teleop_tools_msgs/cmake/ament_cmake_export_include_directories-extras.cmake
[10.498s] -- Installing: /home/sheldon/Documents/pipeworld/install/teleop_tools_msgs/share/teleop_tools_msgs/cmake/rosidl_cmake_export_typesupport_libraries-extras.cmake
[10.498s] -- Installing: /home/sheldon/Documents/pipeworld/install/teleop_tools_msgs/share/teleop_tools_msgs/cmake/rosidl_cmake_export_typesupport_targets-extras.cmake
[10.499s] -- Installing: /home/sheldon/Documents/pipeworld/install/teleop_tools_msgs/share/teleop_tools_msgs/cmake/teleop_tools_msgsConfig.cmake
[10.499s] -- Installing: /home/sheldon/Documents/pipeworld/install/teleop_tools_msgs/share/teleop_tools_msgs/cmake/teleop_tools_msgsConfig-version.cmake
[10.499s] -- Installing: /home/sheldon/Documents/pipeworld/install/teleop_tools_msgs/share/teleop_tools_msgs/package.xml
[10.504s] Invoked command in '/home/sheldon/Documents/pipeworld/build/teleop_tools_msgs' returned '0': CMAKE_PREFIX_PATH=/opt/ros/foxy /usr/bin/cmake --install /home/sheldon/Documents/pipeworld/build/teleop_tools_msgs
