[0.975s] Invoking command in '/home/sheldon/Documents/pipeworld/src/teleop_tools/mouse_teleop': PYTHONPATH=/home/sheldon/Documents/pipeworld/install/mouse_teleop/lib/python3.8/site-packages:${PYTHONPATH} /usr/bin/python3 setup.py egg_info --egg-base ../../../build/mouse_teleop build --build-base /home/sheldon/Documents/pipeworld/build/mouse_teleop/build install --prefix /home/sheldon/Documents/pipeworld/install/mouse_teleop --record /home/sheldon/Documents/pipeworld/build/mouse_teleop/install.log --single-version-externally-managed
[1.186s] running egg_info
[1.187s] creating ../../../build/mouse_teleop/mouse_teleop.egg-info
[1.187s] writing ../../../build/mouse_teleop/mouse_teleop.egg-info/PKG-INFO
[1.187s] writing dependency_links to ../../../build/mouse_teleop/mouse_teleop.egg-info/dependency_links.txt
[1.187s] writing entry points to ../../../build/mouse_teleop/mouse_teleop.egg-info/entry_points.txt
[1.187s] writing requirements to ../../../build/mouse_teleop/mouse_teleop.egg-info/requires.txt
[1.187s] writing top-level names to ../../../build/mouse_teleop/mouse_teleop.egg-info/top_level.txt
[1.189s] writing manifest file '../../../build/mouse_teleop/mouse_teleop.egg-info/SOURCES.txt'
[1.233s] reading manifest file '../../../build/mouse_teleop/mouse_teleop.egg-info/SOURCES.txt'
[1.233s] writing manifest file '../../../build/mouse_teleop/mouse_teleop.egg-info/SOURCES.txt'
[1.234s] running build
[1.234s] running build_py
[1.234s] creating /home/sheldon/Documents/pipeworld/build/mouse_teleop/build
[1.234s] creating /home/sheldon/Documents/pipeworld/build/mouse_teleop/build/lib
[1.234s] creating /home/sheldon/Documents/pipeworld/build/mouse_teleop/build/lib/mouse_teleop
[1.234s] copying mouse_teleop/mouse_teleop.py -> /home/sheldon/Documents/pipeworld/build/mouse_teleop/build/lib/mouse_teleop
[1.234s] copying mouse_teleop/__init__.py -> /home/sheldon/Documents/pipeworld/build/mouse_teleop/build/lib/mouse_teleop
[1.235s] running install
[1.235s] running install_lib
[1.237s] creating /home/sheldon/Documents/pipeworld/install/mouse_teleop/lib/python3.8/site-packages/mouse_teleop
[1.237s] copying /home/sheldon/Documents/pipeworld/build/mouse_teleop/build/lib/mouse_teleop/mouse_teleop.py -> /home/sheldon/Documents/pipeworld/install/mouse_teleop/lib/python3.8/site-packages/mouse_teleop
[1.237s] copying /home/sheldon/Documents/pipeworld/build/mouse_teleop/build/lib/mouse_teleop/__init__.py -> /home/sheldon/Documents/pipeworld/install/mouse_teleop/lib/python3.8/site-packages/mouse_teleop
[1.237s] byte-compiling /home/sheldon/Documents/pipeworld/install/mouse_teleop/lib/python3.8/site-packages/mouse_teleop/mouse_teleop.py to mouse_teleop.cpython-38.pyc
[1.240s] byte-compiling /home/sheldon/Documents/pipeworld/install/mouse_teleop/lib/python3.8/site-packages/mouse_teleop/__init__.py to __init__.cpython-38.pyc
[1.240s] running install_data
[1.241s] copying package.xml -> /home/sheldon/Documents/pipeworld/install/mouse_teleop/share/mouse_teleop
[1.241s] creating /home/sheldon/Documents/pipeworld/install/mouse_teleop/share/mouse_teleop/config
[1.241s] copying config/mouse_teleop.yaml -> /home/sheldon/Documents/pipeworld/install/mouse_teleop/share/mouse_teleop/config
[1.241s] creating /home/sheldon/Documents/pipeworld/install/mouse_teleop/share/mouse_teleop/launch
[1.241s] copying launch/mouse_teleop.launch.py -> /home/sheldon/Documents/pipeworld/install/mouse_teleop/share/mouse_teleop/launch
[1.241s] creating /home/sheldon/Documents/pipeworld/install/mouse_teleop/share/ament_index
[1.241s] creating /home/sheldon/Documents/pipeworld/install/mouse_teleop/share/ament_index/resource_index
[1.241s] creating /home/sheldon/Documents/pipeworld/install/mouse_teleop/share/ament_index/resource_index/packages
[1.242s] copying resource/mouse_teleop -> /home/sheldon/Documents/pipeworld/install/mouse_teleop/share/ament_index/resource_index/packages
[1.242s] running install_egg_info
[1.243s] Copying ../../../build/mouse_teleop/mouse_teleop.egg-info to /home/sheldon/Documents/pipeworld/install/mouse_teleop/lib/python3.8/site-packages/mouse_teleop-0.3.0-py3.8.egg-info
[1.244s] running install_scripts
[1.264s] Installing mouse_teleop script to /home/sheldon/Documents/pipeworld/install/mouse_teleop/lib/mouse_teleop
[1.265s] writing list of installed files to '/home/sheldon/Documents/pipeworld/build/mouse_teleop/install.log'
[1.304s] Invoked command in '/home/sheldon/Documents/pipeworld/src/teleop_tools/mouse_teleop' returned '0': PYTHONPATH=/home/sheldon/Documents/pipeworld/install/mouse_teleop/lib/python3.8/site-packages:${PYTHONPATH} /usr/bin/python3 setup.py egg_info --egg-base ../../../build/mouse_teleop build --build-base /home/sheldon/Documents/pipeworld/build/mouse_teleop/build install --prefix /home/sheldon/Documents/pipeworld/install/mouse_teleop --record /home/sheldon/Documents/pipeworld/build/mouse_teleop/install.log --single-version-externally-managed
