/home/sheldon/Documents/pipeworld/install/pipeworld/lib/python3.8/site-packages/pipeworld/pipe_spawner.py
/home/sheldon/Documents/pipeworld/install/pipeworld/lib/python3.8/site-packages/pipeworld/exploring_slam.py
/home/sheldon/Documents/pipeworld/install/pipeworld/lib/python3.8/site-packages/pipeworld/__init__.py
/home/sheldon/Documents/pipeworld/install/pipeworld/lib/python3.8/site-packages/pipeworld/__pycache__/pipe_spawner.cpython-38.pyc
/home/sheldon/Documents/pipeworld/install/pipeworld/lib/python3.8/site-packages/pipeworld/__pycache__/exploring_slam.cpython-38.pyc
/home/sheldon/Documents/pipeworld/install/pipeworld/lib/python3.8/site-packages/pipeworld/__pycache__/__init__.cpython-38.pyc
/home/sheldon/Documents/pipeworld/install/pipeworld/share/ament_index/resource_index/packages/pipeworld
/home/sheldon/Documents/pipeworld/install/pipeworld/share/pipeworld/package.xml
/home/sheldon/Documents/pipeworld/install/pipeworld/share/pipeworld/launch/world.launch.py
/home/sheldon/Documents/pipeworld/install/pipeworld/share/pipeworld/launch/sprintbot_world.launch.py
/home/sheldon/Documents/pipeworld/install/pipeworld/share/pipeworld/launch/flat_pipe.launch.py
/home/sheldon/Documents/pipeworld/install/pipeworld/lib/python3.8/site-packages/pipeworld-0.0.0-py3.8.egg-info/PKG-INFO
/home/sheldon/Documents/pipeworld/install/pipeworld/lib/python3.8/site-packages/pipeworld-0.0.0-py3.8.egg-info/zip-safe
/home/sheldon/Documents/pipeworld/install/pipeworld/lib/python3.8/site-packages/pipeworld-0.0.0-py3.8.egg-info/SOURCES.txt
/home/sheldon/Documents/pipeworld/install/pipeworld/lib/python3.8/site-packages/pipeworld-0.0.0-py3.8.egg-info/dependency_links.txt
/home/sheldon/Documents/pipeworld/install/pipeworld/lib/python3.8/site-packages/pipeworld-0.0.0-py3.8.egg-info/top_level.txt
/home/sheldon/Documents/pipeworld/install/pipeworld/lib/python3.8/site-packages/pipeworld-0.0.0-py3.8.egg-info/entry_points.txt
/home/sheldon/Documents/pipeworld/install/pipeworld/lib/python3.8/site-packages/pipeworld-0.0.0-py3.8.egg-info/requires.txt
/home/sheldon/Documents/pipeworld/install/pipeworld/lib/pipeworld/navi_pose
/home/sheldon/Documents/pipeworld/install/pipeworld/lib/pipeworld/pipe_spawner
