[0.774s] Invoking command in '/home/sheldon/Documents/pipeworld/src/teleop_tools/key_teleop': PYTHONPATH=/home/sheldon/Documents/pipeworld/install/key_teleop/lib/python3.8/site-packages:${PYTHONPATH} /usr/bin/python3 setup.py egg_info --egg-base ../../../build/key_teleop build --build-base /home/sheldon/Documents/pipeworld/build/key_teleop/build install --prefix /home/sheldon/Documents/pipeworld/install/key_teleop --record /home/sheldon/Documents/pipeworld/build/key_teleop/install.log --single-version-externally-managed
[1.031s] running egg_info
[1.032s] writing ../../../build/key_teleop/key_teleop.egg-info/PKG-INFO
[1.035s] writing dependency_links to ../../../build/key_teleop/key_teleop.egg-info/dependency_links.txt
[1.035s] writing entry points to ../../../build/key_teleop/key_teleop.egg-info/entry_points.txt
[1.035s] writing requirements to ../../../build/key_teleop/key_teleop.egg-info/requires.txt
[1.036s] writing top-level names to ../../../build/key_teleop/key_teleop.egg-info/top_level.txt
[1.067s] reading manifest file '../../../build/key_teleop/key_teleop.egg-info/SOURCES.txt'
[1.068s] writing manifest file '../../../build/key_teleop/key_teleop.egg-info/SOURCES.txt'
[1.068s] running build
[1.068s] running build_py
[1.068s] running install
[1.069s] running install_lib
[1.071s] running install_data
[1.071s] running install_egg_info
[1.074s] removing '/home/sheldon/Documents/pipeworld/install/key_teleop/lib/python3.8/site-packages/key_teleop-0.3.0-py3.8.egg-info' (and everything under it)
[1.074s] Copying ../../../build/key_teleop/key_teleop.egg-info to /home/sheldon/Documents/pipeworld/install/key_teleop/lib/python3.8/site-packages/key_teleop-0.3.0-py3.8.egg-info
[1.075s] running install_scripts
[1.094s] Installing key_teleop script to /home/sheldon/Documents/pipeworld/install/key_teleop/lib/key_teleop
[1.094s] writing list of installed files to '/home/sheldon/Documents/pipeworld/build/key_teleop/install.log'
[1.318s] Invoked command in '/home/sheldon/Documents/pipeworld/src/teleop_tools/key_teleop' returned '0': PYTHONPATH=/home/sheldon/Documents/pipeworld/install/key_teleop/lib/python3.8/site-packages:${PYTHONPATH} /usr/bin/python3 setup.py egg_info --egg-base ../../../build/key_teleop build --build-base /home/sheldon/Documents/pipeworld/build/key_teleop/build install --prefix /home/sheldon/Documents/pipeworld/install/key_teleop --record /home/sheldon/Documents/pipeworld/build/key_teleop/install.log --single-version-externally-managed
